 [loadfile] loading /home/byrn/HDF_Projects/hdfview-3_dev/VERSION into property app.version
 [loadfile] loaded 7 characters
[available] Found: /home/byrn/HDF_Projects/temp/HDF_Group/HDF/4.2.15/lib/libhdf4.settings
[available] Found: /home/byrn/HDF_Projects/temp/HDF_Group/HDF5/1.10.7/lib/libhdf5.settings
 [loadfile] loading /home/byrn/HDF_Projects/temp/HDF_Group/HDF/4.2.15/lib/libhdf4.settings into property hdf4.version
 [loadfile] loaded 6 characters
 [loadfile] loading /home/byrn/HDF_Projects/temp/HDF_Group/HDF5/1.10.7/lib/libhdf5.settings into property hdf5.version
 [loadfile] loaded 8 characters
Property "isMac" has not been set
Property "isWindows" has not been set
Property "isMac" has not been set
Property "isWindows" has not been set
Property "isWindows" has not been set
Property "isMac" has not been set
Property "isWindows" has not been set
     [echo] 
     [echo]      Application:      HDFView 3.99.99
     [echo]      Build File:       /home/byrn/HDF_Projects/hdfview-3_dev/build.xml
     [echo]      
     [echo]      Run by:           byrn
     [echo]      Build Dir:        build
     [echo]      Base Dir:         /home/byrn/HDF_Projects/hdfview-3_dev
     [echo]      Dist Dir:         build/dist
     [echo]      Java Home:        /usr/lib/jvm/java-15-openjdk-15.0.0.36-1.rolling.fc32.x86_64
     [echo]      HDF libpath:      /home/byrn/HDF_Projects/temp/HDF_Group/HDF/4.2.15/lib,/home/byrn/HDF_Projects/temp/HDF_Group/HDF5/1.10.7/lib
     [echo]      HDF4 version:     4.2.15
     [echo]      HDF5 version:     1.10.7.1
     [echo]      Operating System: Linux 5.8.15-201.fc32.x86_64 amd64
     [echo]      Debug Build:      true
     [echo]     
Overriding previous definition of reference to build-classpath
 [macrodef] creating macro  run-junit
 [macrodef] creating macro  jdepslink
Build sequence for target(s) `run' is [clean, create-property-file, compileobj, compilehdf4, compilefits, compilenc2, compilehdf5, compile, objectjar, jar, run]
Complete build sequence is [clean, create-property-file, compileobj, compilehdf4, compilefits, compilenc2, compilehdf5, compile, objectjar, jar, run, javadoc, jacoco-run, deployBase, deployWindows, main, -hdf4-ui-tests, clean-package, deployUnix, deployMac, deploy, createJPackageBase, createJPackageUnix, createUnixInstaller, createJPackageWindows, createWindowsInstaller, createJPackageMac, createMacInstaller, createInstaller, createJPackage, packageWindows, createREADME, createWindowsREADME, ensure-test4-name, compile-test, clean-junit-uitest, jacoco-skip, jacoco, junit-debug-test, ensure-test5-name, runauitest, -hdfview-ui-tests, compile-examples, run-examples, packageUnix, packageMac, package, -hdf5-ui-tests, packageSourceWindows, run-one-example, createMacREADME, clean-examples, createUnixRPM, modulejar, junit-uimodules, rundebug, junit, junit-uitest, sonar, createUnixREADME, clean-build, junit-single-test, packageSourceUnix, packageSource, createJPackageXMac, junitreport, createDocumentationTGZ, run-jar, ]

clean:
    [mkdir] Created dir: /home/byrn/HDF_Projects/hdfview-3_dev/build/classes/org.hdfgroup.object
    [mkdir] Skipping /home/byrn/HDF_Projects/hdfview-3_dev/build/classes/org.hdfgroup.object because it already exists.
    [mkdir] Skipping /home/byrn/HDF_Projects/hdfview-3_dev/build/classes/org.hdfgroup.object because it already exists.
    [mkdir] Skipping /home/byrn/HDF_Projects/hdfview-3_dev/build/classes/org.hdfgroup.object because it already exists.
    [mkdir] Skipping /home/byrn/HDF_Projects/hdfview-3_dev/build/classes/org.hdfgroup.object because it already exists.
    [mkdir] Created dir: /home/byrn/HDF_Projects/hdfview-3_dev/build/classes/org.hdfgroup.hdfview
    [mkdir] Created dir: /home/byrn/HDF_Projects/hdfview-3_dev/build/classes/hdf
clean:  duration 0 seconds

create-property-file:
[propertyfile] Creating new property file: /home/byrn/HDF_Projects/hdfview-3_dev/build/classes/hdf/versions.properties
create-property-file:  duration 0 seconds

compileobj:
     [copy] No sources found.
     [copy]  omitted as /home/byrn/HDF_Projects/hdfview-3_dev/build/classes/org.hdfgroup.object is up to date.
     [copy] hdf added as hdf doesn't exist.
     [copy] hdf/object added as hdf/object doesn't exist.
     [copy] Copied 2 empty directories to 2 empty directories under /home/byrn/HDF_Projects/hdfview-3_dev/build/classes/org.hdfgroup.object
compileobj:  duration 0 seconds

compilehdf4:
     [copy] No sources found.
     [copy]  omitted as /home/byrn/HDF_Projects/hdfview-3_dev/build/classes/org.hdfgroup.object is up to date.
     [copy] hdf omitted as /home/byrn/HDF_Projects/hdfview-3_dev/build/classes/org.hdfgroup.object/hdf is up to date.
     [copy] hdf/object omitted as /home/byrn/HDF_Projects/hdfview-3_dev/build/classes/org.hdfgroup.object/hdf/object is up to date.
     [copy] hdf/object/h4 added as hdf/object/h4 doesn't exist.
     [copy] Copied 1 empty directory to 1 empty directory under /home/byrn/HDF_Projects/hdfview-3_dev/build/classes/org.hdfgroup.object
compilehdf4:  duration 0 seconds

compilefits:
     [copy] No sources found.
     [copy]  omitted as /home/byrn/HDF_Projects/hdfview-3_dev/build/classes/org.hdfgroup.object is up to date.
     [copy] hdf omitted as /home/byrn/HDF_Projects/hdfview-3_dev/build/classes/org.hdfgroup.object/hdf is up to date.
     [copy] hdf/object omitted as /home/byrn/HDF_Projects/hdfview-3_dev/build/classes/org.hdfgroup.object/hdf/object is up to date.
     [copy] hdf/object/fits added as hdf/object/fits doesn't exist.
     [copy] Copied 1 empty directory to 1 empty directory under /home/byrn/HDF_Projects/hdfview-3_dev/build/classes/org.hdfgroup.object
compilefits:  duration 0 seconds

compilenc2:
     [copy] No sources found.
     [copy]  omitted as /home/byrn/HDF_Projects/hdfview-3_dev/build/classes/org.hdfgroup.object is up to date.
     [copy] hdf omitted as /home/byrn/HDF_Projects/hdfview-3_dev/build/classes/org.hdfgroup.object/hdf is up to date.
     [copy] hdf/object omitted as /home/byrn/HDF_Projects/hdfview-3_dev/build/classes/org.hdfgroup.object/hdf/object is up to date.
     [copy] hdf/object/nc2 added as hdf/object/nc2 doesn't exist.
     [copy] Copied 1 empty directory to 1 empty directory under /home/byrn/HDF_Projects/hdfview-3_dev/build/classes/org.hdfgroup.object
compilenc2:  duration 0 seconds

compilehdf5:
     [copy] No sources found.
     [copy]  omitted as /home/byrn/HDF_Projects/hdfview-3_dev/build/classes/org.hdfgroup.object is up to date.
     [copy] hdf omitted as /home/byrn/HDF_Projects/hdfview-3_dev/build/classes/org.hdfgroup.object/hdf is up to date.
     [copy] hdf/object omitted as /home/byrn/HDF_Projects/hdfview-3_dev/build/classes/org.hdfgroup.object/hdf/object is up to date.
     [copy] hdf/object/h5 added as hdf/object/h5 doesn't exist.
     [copy] Copied 1 empty directory to 1 empty directory under /home/byrn/HDF_Projects/hdfview-3_dev/build/classes/org.hdfgroup.object
compilehdf5:  duration 0 seconds

compile:
    [javac] hdf/HDFVersions.java added as hdf/HDFVersions.class doesn't exist.
    [javac] hdf/view/Chart.java added as hdf/view/Chart.class doesn't exist.
    [javac] hdf/view/DataView/DataView.java added as hdf/view/DataView/DataView.class doesn't exist.
    [javac] hdf/view/DataView/DataViewFactory.java added as hdf/view/DataView/DataViewFactory.class doesn't exist.
    [javac] hdf/view/DataView/DataViewFactoryProducer.java added as hdf/view/DataView/DataViewFactoryProducer.class doesn't exist.
    [javac] hdf/view/DataView/DataViewManager.java added as hdf/view/DataView/DataViewManager.class doesn't exist.
    [javac] hdf/view/DefaultFileFilter.java added as hdf/view/DefaultFileFilter.class doesn't exist.
    [javac] hdf/view/HDFView.java added as hdf/view/HDFView.class doesn't exist.
    [javac] hdf/view/HelpView/HelpView.java added as hdf/view/HelpView/HelpView.class doesn't exist.
    [javac] hdf/view/ImageView/DefaultImageView.java added as hdf/view/ImageView/DefaultImageView.class doesn't exist.
    [javac] hdf/view/ImageView/DefaultImageViewFactory.java added as hdf/view/ImageView/DefaultImageViewFactory.class doesn't exist.
    [javac] hdf/view/ImageView/ImageView.java added as hdf/view/ImageView/ImageView.class doesn't exist.
    [javac] hdf/view/ImageView/ImageViewFactory.java added as hdf/view/ImageView/ImageViewFactory.class doesn't exist.
    [javac] hdf/view/MetaDataView/DefaultBaseMetaDataView.java added as hdf/view/MetaDataView/DefaultBaseMetaDataView.class doesn't exist.
    [javac] hdf/view/MetaDataView/DefaultDatasetMetaDataView.java added as hdf/view/MetaDataView/DefaultDatasetMetaDataView.class doesn't exist.
    [javac] hdf/view/MetaDataView/DefaultDatatypeMetaDataView.java added as hdf/view/MetaDataView/DefaultDatatypeMetaDataView.class doesn't exist.
    [javac] hdf/view/MetaDataView/DefaultGroupMetaDataView.java added as hdf/view/MetaDataView/DefaultGroupMetaDataView.class doesn't exist.
    [javac] hdf/view/MetaDataView/DefaultLinkMetaDataView.java added as hdf/view/MetaDataView/DefaultLinkMetaDataView.class doesn't exist.
    [javac] hdf/view/MetaDataView/DefaultMetaDataViewFactory.java added as hdf/view/MetaDataView/DefaultMetaDataViewFactory.class doesn't exist.
    [javac] hdf/view/MetaDataView/MetaDataView.java added as hdf/view/MetaDataView/MetaDataView.class doesn't exist.
    [javac] hdf/view/MetaDataView/MetaDataViewFactory.java added as hdf/view/MetaDataView/MetaDataViewFactory.class doesn't exist.
    [javac] hdf/view/PaletteView/DefaultPaletteView.java added as hdf/view/PaletteView/DefaultPaletteView.class doesn't exist.
    [javac] hdf/view/PaletteView/DefaultPaletteViewFactory.java added as hdf/view/PaletteView/DefaultPaletteViewFactory.class doesn't exist.
    [javac] hdf/view/PaletteView/PaletteView.java added as hdf/view/PaletteView/PaletteView.class doesn't exist.
    [javac] hdf/view/PaletteView/PaletteViewFactory.java added as hdf/view/PaletteView/PaletteViewFactory.class doesn't exist.
    [javac] hdf/view/TableView/DataDisplayConverterFactory.java added as hdf/view/TableView/DataDisplayConverterFactory.class doesn't exist.
    [javac] hdf/view/TableView/DataFactoryUtils.java added as hdf/view/TableView/DataFactoryUtils.class doesn't exist.
    [javac] hdf/view/TableView/DataProviderFactory.java added as hdf/view/TableView/DataProviderFactory.class doesn't exist.
    [javac] hdf/view/TableView/DataValidatorFactory.java added as hdf/view/TableView/DataValidatorFactory.class doesn't exist.
    [javac] hdf/view/TableView/DefaultBaseTableView.java added as hdf/view/TableView/DefaultBaseTableView.class doesn't exist.
    [javac] hdf/view/TableView/DefaultCompoundDSTableView.java added as hdf/view/TableView/DefaultCompoundDSTableView.class doesn't exist.
    [javac] hdf/view/TableView/DefaultScalarAttributeTableView.java added as hdf/view/TableView/DefaultScalarAttributeTableView.class doesn't exist.
    [javac] hdf/view/TableView/DefaultScalarDSTableView.java added as hdf/view/TableView/DefaultScalarDSTableView.class doesn't exist.
    [javac] hdf/view/TableView/DefaultTableViewFactory.java added as hdf/view/TableView/DefaultTableViewFactory.class doesn't exist.
    [javac] hdf/view/TableView/TableView.java added as hdf/view/TableView/TableView.class doesn't exist.
    [javac] hdf/view/TableView/TableViewFactory.java added as hdf/view/TableView/TableViewFactory.class doesn't exist.
    [javac] hdf/view/Tools.java added as hdf/view/Tools.class doesn't exist.
    [javac] hdf/view/TreeView/DefaultTreeView.java added as hdf/view/TreeView/DefaultTreeView.class doesn't exist.
    [javac] hdf/view/TreeView/DefaultTreeViewFactory.java added as hdf/view/TreeView/DefaultTreeViewFactory.class doesn't exist.
    [javac] hdf/view/TreeView/TreeView.java added as hdf/view/TreeView/TreeView.class doesn't exist.
    [javac] hdf/view/TreeView/TreeViewFactory.java added as hdf/view/TreeView/TreeViewFactory.class doesn't exist.
    [javac] hdf/view/ViewProperties.java added as hdf/view/ViewProperties.class doesn't exist.
    [javac] hdf/view/dialog/DataOptionDialog.java added as hdf/view/dialog/DataOptionDialog.class doesn't exist.
    [javac] hdf/view/dialog/ImageConversionDialog.java added as hdf/view/dialog/ImageConversionDialog.class doesn't exist.
    [javac] hdf/view/dialog/InputDialog.java added as hdf/view/dialog/InputDialog.class doesn't exist.
    [javac] hdf/view/dialog/MathConversionDialog.java added as hdf/view/dialog/MathConversionDialog.class doesn't exist.
    [javac] hdf/view/dialog/NewAttributeDialog.java added as hdf/view/dialog/NewAttributeDialog.class doesn't exist.
    [javac] hdf/view/dialog/NewCompoundDatasetDialog.java added as hdf/view/dialog/NewCompoundDatasetDialog.class doesn't exist.
    [javac] hdf/view/dialog/NewDatasetDialog.java added as hdf/view/dialog/NewDatasetDialog.class doesn't exist.
    [javac] hdf/view/dialog/NewDatatypeDialog.java added as hdf/view/dialog/NewDatatypeDialog.class doesn't exist.
    [javac] hdf/view/dialog/NewGroupDialog.java added as hdf/view/dialog/NewGroupDialog.class doesn't exist.
    [javac] hdf/view/dialog/NewImageDialog.java added as hdf/view/dialog/NewImageDialog.class doesn't exist.
    [javac] hdf/view/dialog/NewLinkDialog.java added as hdf/view/dialog/NewLinkDialog.class doesn't exist.
    [javac] hdf/view/dialog/UserOptionsDefaultPage.java added as hdf/view/dialog/UserOptionsDefaultPage.class doesn't exist.
    [javac] hdf/view/dialog/UserOptionsDialog.java added as hdf/view/dialog/UserOptionsDialog.class doesn't exist.
    [javac] hdf/view/dialog/UserOptionsGeneralPage.java added as hdf/view/dialog/UserOptionsGeneralPage.class doesn't exist.
    [javac] hdf/view/dialog/UserOptionsHDFPage.java added as hdf/view/dialog/UserOptionsHDFPage.class doesn't exist.
    [javac] hdf/view/dialog/UserOptionsNode.java added as hdf/view/dialog/UserOptionsNode.class doesn't exist.
    [javac] hdf/view/dialog/UserOptionsViewModulesPage.java added as hdf/view/dialog/UserOptionsViewModulesPage.class doesn't exist.
    [javac] /home/byrn/HDF_Projects/hdfview-3_dev/src/org.hdfgroup.hdfview/hdf/view/icons/hdf.ico skipped - don't know how to handle it
    [javac] module-info.java added as module-info.class doesn't exist.
    [javac] hdf/object/Attribute.java added as hdf/object/Attribute.class doesn't exist.
    [javac] hdf/object/CompoundDS.java added as hdf/object/CompoundDS.class doesn't exist.
    [javac] hdf/object/CompoundDataFormat.java added as hdf/object/CompoundDataFormat.class doesn't exist.
    [javac] hdf/object/DataFormat.java added as hdf/object/DataFormat.class doesn't exist.
    [javac] hdf/object/Dataset.java added as hdf/object/Dataset.class doesn't exist.
    [javac] hdf/object/Datatype.java added as hdf/object/Datatype.class doesn't exist.
    [javac] hdf/object/FileFormat.java added as hdf/object/FileFormat.class doesn't exist.
    [javac] hdf/object/Group.java added as hdf/object/Group.class doesn't exist.
    [javac] hdf/object/HObject.java added as hdf/object/HObject.class doesn't exist.
    [javac] hdf/object/MetaDataContainer.java added as hdf/object/MetaDataContainer.class doesn't exist.
    [javac] hdf/object/ScalarDS.java added as hdf/object/ScalarDS.class doesn't exist.
    [javac] hdf/object/Utils.java added as hdf/object/Utils.class doesn't exist.
    [javac] hdf/object/fits/FitsDataset.java added as hdf/object/fits/FitsDataset.class doesn't exist.
    [javac] hdf/object/fits/FitsDatatype.java added as hdf/object/fits/FitsDatatype.class doesn't exist.
    [javac] hdf/object/fits/FitsFile.java added as hdf/object/fits/FitsFile.class doesn't exist.
    [javac] hdf/object/fits/FitsGroup.java added as hdf/object/fits/FitsGroup.class doesn't exist.
    [javac] hdf/object/h4/H4Datatype.java added as hdf/object/h4/H4Datatype.class doesn't exist.
    [javac] hdf/object/h4/H4File.java added as hdf/object/h4/H4File.class doesn't exist.
    [javac] hdf/object/h4/H4GRImage.java added as hdf/object/h4/H4GRImage.class doesn't exist.
    [javac] hdf/object/h4/H4Group.java added as hdf/object/h4/H4Group.class doesn't exist.
    [javac] hdf/object/h4/H4SDS.java added as hdf/object/h4/H4SDS.class doesn't exist.
    [javac] hdf/object/h4/H4Vdata.java added as hdf/object/h4/H4Vdata.class doesn't exist.
    [javac] hdf/object/h5/H5CompoundDS.java added as hdf/object/h5/H5CompoundDS.class doesn't exist.
    [javac] hdf/object/h5/H5Datatype.java added as hdf/object/h5/H5Datatype.class doesn't exist.
    [javac] hdf/object/h5/H5File.java added as hdf/object/h5/H5File.class doesn't exist.
    [javac] hdf/object/h5/H5Group.java added as hdf/object/h5/H5Group.class doesn't exist.
    [javac] hdf/object/h5/H5Link.java added as hdf/object/h5/H5Link.class doesn't exist.
    [javac] hdf/object/h5/H5ScalarDS.java added as hdf/object/h5/H5ScalarDS.class doesn't exist.
    [javac] hdf/object/h5/H5Utils.java added as hdf/object/h5/H5Utils.class doesn't exist.
    [javac] hdf/object/nc2/NC2Dataset.java added as hdf/object/nc2/NC2Dataset.class doesn't exist.
    [javac] hdf/object/nc2/NC2Datatype.java added as hdf/object/nc2/NC2Datatype.class doesn't exist.
    [javac] hdf/object/nc2/NC2File.java added as hdf/object/nc2/NC2File.class doesn't exist.
    [javac] hdf/object/nc2/NC2Group.java added as hdf/object/nc2/NC2Group.class doesn't exist.
    [javac] module-info.java added as module-info.class doesn't exist.
    [javac] Compiling 94 source files to /home/byrn/HDF_Projects/hdfview-3_dev/build/classes
    [javac] Using modern compiler
    [javac] Compilation arguments:
'-d'
'/home/byrn/HDF_Projects/hdfview-3_dev/build/classes'
'-classpath'
'/home/byrn/HDF_Projects/hdfview-3_dev/build/classes:/home/byrn/HDF_Projects/hdfview-3_dev/lib/fits.jar:/home/byrn/HDF_Projects/hdfview-3_dev/lib/netcdf.jar:/home/byrn/HDF_Projects/temp/HDF_Group/HDF/4.2.15/lib/jarhdf-4.2.15.jar:/home/byrn/HDF_Projects/temp/HDF_Group/HDF5/1.10.7/lib/jarhdf5-1.10.7.jar:/home/byrn/HDF_Projects/hdfview-3_dev/lib/ext/swt/linux/x86_64/swt.jar:/home/byrn/HDF_Projects/hdfview-3_dev/lib/ext/swt/common-image-3.3.2.jar:/home/byrn/HDF_Projects/hdfview-3_dev/lib/ext/swt/common-io-3.3.2.jar:/home/byrn/HDF_Projects/hdfview-3_dev/lib/ext/swt/common-lang-3.3.2.jar:/home/byrn/HDF_Projects/hdfview-3_dev/lib/ext/swt/commons-logging-1.2.jar:/home/byrn/HDF_Projects/hdfview-3_dev/lib/ext/swt/imageio-core-3.3.2.jar:/home/byrn/HDF_Projects/hdfview-3_dev/lib/ext/swt/imageio-metadata-3.3.2.jar:/home/byrn/HDF_Projects/hdfview-3_dev/lib/ext/swt/imageio-tiff-3.3.2.jar:/home/byrn/HDF_Projects/hdfview-3_dev/lib/ext/swt/org.eclipse.collections.jar:/home/byrn/HDF_Projects/hdfview-3_dev/lib/ext/swt/org.eclipse.core.commands.jar:/home/byrn/HDF_Projects/hdfview-3_dev/lib/ext/swt/org.eclipse.equinox.common.jar:/home/byrn/HDF_Projects/hdfview-3_dev/lib/ext/swt/org.eclipse.jface.jar:/home/byrn/HDF_Projects/hdfview-3_dev/lib/ext/swt/org.eclipse.nebula.widgets.nattable.core.jar:/home/byrn/HDF_Projects/hdfview-3_dev/lib/ext/swt/org.eclipse.osgi.jar:/home/byrn/HDF_Projects/hdfview-3_dev/lib/ext/swt/org.eclipse.ui.workbench.jar:/home/byrn/HDF_Projects/hdfview-3_dev/lib/slf4j-api-1.7.25.jar:/home/byrn/HDF_Projects/hdfview-3_dev/lib/extra/slf4j-simple-1.7.25.jar:/home/byrn/HDF_Projects/hdfview-3_dev/lib/ext/swt/swtbot/org.apache.log4j.jar:/home/byrn/HDF_Projects/hdfview-3_dev/lib/ext/swt/swtbot/org.eclipse.swtbot.jar:/home/byrn/HDF_Projects/hdfview-3_dev/lib/ext/swt/swtbot/org.eclipse.swtbot.junit4.jar:/home/byrn/HDF_Projects/hdfview-3_dev/lib/ext/swt/swtbot/org.eclipse.swtbot.nebula.gallery.finder.jar:/home/byrn/HDF_Projects/hdfview-3_dev/lib/ext/swt/swtbot/org.eclipse.swtbot.nebula.nattable.finder.jar:/home/byrn/HDF_Projects/hdfview-3_dev/lib/ext/swt/swtbot/org.eclipse.swtbot.swt.finder.jar'
'-g'
'--module-source-path'
'/home/byrn/HDF_Projects/hdfview-3_dev/src'
'--module-path'
'/home/byrn/HDF_Projects/hdfview-3_dev/lib/fits.jar:/home/byrn/HDF_Projects/hdfview-3_dev/lib/netcdf.jar:/home/byrn/HDF_Projects/temp/HDF_Group/HDF/4.2.15/lib/jarhdf-4.2.15.jar:/home/byrn/HDF_Projects/temp/HDF_Group/HDF5/1.10.7/lib/jarhdf5-1.10.7.jar:/home/byrn/HDF_Projects/hdfview-3_dev/lib/ext/swt/linux/x86_64/swt.jar:/home/byrn/HDF_Projects/hdfview-3_dev/lib/ext/swt/common-image-3.3.2.jar:/home/byrn/HDF_Projects/hdfview-3_dev/lib/ext/swt/common-io-3.3.2.jar:/home/byrn/HDF_Projects/hdfview-3_dev/lib/ext/swt/common-lang-3.3.2.jar:/home/byrn/HDF_Projects/hdfview-3_dev/lib/ext/swt/commons-logging-1.2.jar:/home/byrn/HDF_Projects/hdfview-3_dev/lib/ext/swt/imageio-core-3.3.2.jar:/home/byrn/HDF_Projects/hdfview-3_dev/lib/ext/swt/imageio-metadata-3.3.2.jar:/home/byrn/HDF_Projects/hdfview-3_dev/lib/ext/swt/imageio-tiff-3.3.2.jar:/home/byrn/HDF_Projects/hdfview-3_dev/lib/ext/swt/org.eclipse.collections.jar:/home/byrn/HDF_Projects/hdfview-3_dev/lib/ext/swt/org.eclipse.core.commands.jar:/home/byrn/HDF_Projects/hdfview-3_dev/lib/ext/swt/org.eclipse.equinox.common.jar:/home/byrn/HDF_Projects/hdfview-3_dev/lib/ext/swt/org.eclipse.jface.jar:/home/byrn/HDF_Projects/hdfview-3_dev/lib/ext/swt/org.eclipse.nebula.widgets.nattable.core.jar:/home/byrn/HDF_Projects/hdfview-3_dev/lib/ext/swt/org.eclipse.osgi.jar:/home/byrn/HDF_Projects/hdfview-3_dev/lib/ext/swt/org.eclipse.ui.workbench.jar:/home/byrn/HDF_Projects/hdfview-3_dev/lib/slf4j-api-1.7.25.jar:/home/byrn/HDF_Projects/hdfview-3_dev/lib/extra/slf4j-simple-1.7.25.jar:/home/byrn/HDF_Projects/hdfview-3_dev/lib/ext/swt/swtbot/org.apache.log4j.jar:/home/byrn/HDF_Projects/hdfview-3_dev/lib/ext/swt/swtbot/org.eclipse.swtbot.jar:/home/byrn/HDF_Projects/hdfview-3_dev/lib/ext/swt/swtbot/org.eclipse.swtbot.junit4.jar:/home/byrn/HDF_Projects/hdfview-3_dev/lib/ext/swt/swtbot/org.eclipse.swtbot.nebula.gallery.finder.jar:/home/byrn/HDF_Projects/hdfview-3_dev/lib/ext/swt/swtbot/org.eclipse.swtbot.nebula.nattable.finder.jar:/home/byrn/HDF_Projects/hdfview-3_dev/lib/ext/swt/swtbot/org.eclipse.swtbot.swt.finder.jar'

The ' characters around the executable and arguments are
not part of the command.
    [javac] Files to be compiled:
    [javac]     /home/byrn/HDF_Projects/hdfview-3_dev/src/org.hdfgroup.hdfview/hdf/HDFVersions.java
    /home/byrn/HDF_Projects/hdfview-3_dev/src/org.hdfgroup.hdfview/hdf/view/Chart.java
    /home/byrn/HDF_Projects/hdfview-3_dev/src/org.hdfgroup.hdfview/hdf/view/DataView/DataView.java
    /home/byrn/HDF_Projects/hdfview-3_dev/src/org.hdfgroup.hdfview/hdf/view/DataView/DataViewFactory.java
    /home/byrn/HDF_Projects/hdfview-3_dev/src/org.hdfgroup.hdfview/hdf/view/DataView/DataViewFactoryProducer.java
    /home/byrn/HDF_Projects/hdfview-3_dev/src/org.hdfgroup.hdfview/hdf/view/DataView/DataViewManager.java
    /home/byrn/HDF_Projects/hdfview-3_dev/src/org.hdfgroup.hdfview/hdf/view/DefaultFileFilter.java
    /home/byrn/HDF_Projects/hdfview-3_dev/src/org.hdfgroup.hdfview/hdf/view/HDFView.java
    /home/byrn/HDF_Projects/hdfview-3_dev/src/org.hdfgroup.hdfview/hdf/view/HelpView/HelpView.java
    /home/byrn/HDF_Projects/hdfview-3_dev/src/org.hdfgroup.hdfview/hdf/view/ImageView/DefaultImageView.java
    /home/byrn/HDF_Projects/hdfview-3_dev/src/org.hdfgroup.hdfview/hdf/view/ImageView/DefaultImageViewFactory.java
    /home/byrn/HDF_Projects/hdfview-3_dev/src/org.hdfgroup.hdfview/hdf/view/ImageView/ImageView.java
    /home/byrn/HDF_Projects/hdfview-3_dev/src/org.hdfgroup.hdfview/hdf/view/ImageView/ImageViewFactory.java
    /home/byrn/HDF_Projects/hdfview-3_dev/src/org.hdfgroup.hdfview/hdf/view/MetaDataView/DefaultBaseMetaDataView.java
    /home/byrn/HDF_Projects/hdfview-3_dev/src/org.hdfgroup.hdfview/hdf/view/MetaDataView/DefaultDatasetMetaDataView.java
    /home/byrn/HDF_Projects/hdfview-3_dev/src/org.hdfgroup.hdfview/hdf/view/MetaDataView/DefaultDatatypeMetaDataView.java
    /home/byrn/HDF_Projects/hdfview-3_dev/src/org.hdfgroup.hdfview/hdf/view/MetaDataView/DefaultGroupMetaDataView.java
    /home/byrn/HDF_Projects/hdfview-3_dev/src/org.hdfgroup.hdfview/hdf/view/MetaDataView/DefaultLinkMetaDataView.java
    /home/byrn/HDF_Projects/hdfview-3_dev/src/org.hdfgroup.hdfview/hdf/view/MetaDataView/DefaultMetaDataViewFactory.java
    /home/byrn/HDF_Projects/hdfview-3_dev/src/org.hdfgroup.hdfview/hdf/view/MetaDataView/MetaDataView.java
    /home/byrn/HDF_Projects/hdfview-3_dev/src/org.hdfgroup.hdfview/hdf/view/MetaDataView/MetaDataViewFactory.java
    /home/byrn/HDF_Projects/hdfview-3_dev/src/org.hdfgroup.hdfview/hdf/view/PaletteView/DefaultPaletteView.java
    /home/byrn/HDF_Projects/hdfview-3_dev/src/org.hdfgroup.hdfview/hdf/view/PaletteView/DefaultPaletteViewFactory.java
    /home/byrn/HDF_Projects/hdfview-3_dev/src/org.hdfgroup.hdfview/hdf/view/PaletteView/PaletteView.java
    /home/byrn/HDF_Projects/hdfview-3_dev/src/org.hdfgroup.hdfview/hdf/view/PaletteView/PaletteViewFactory.java
    /home/byrn/HDF_Projects/hdfview-3_dev/src/org.hdfgroup.hdfview/hdf/view/TableView/DataDisplayConverterFactory.java
    /home/byrn/HDF_Projects/hdfview-3_dev/src/org.hdfgroup.hdfview/hdf/view/TableView/DataFactoryUtils.java
    /home/byrn/HDF_Projects/hdfview-3_dev/src/org.hdfgroup.hdfview/hdf/view/TableView/DataProviderFactory.java
    /home/byrn/HDF_Projects/hdfview-3_dev/src/org.hdfgroup.hdfview/hdf/view/TableView/DataValidatorFactory.java
    /home/byrn/HDF_Projects/hdfview-3_dev/src/org.hdfgroup.hdfview/hdf/view/TableView/DefaultBaseTableView.java
    /home/byrn/HDF_Projects/hdfview-3_dev/src/org.hdfgroup.hdfview/hdf/view/TableView/DefaultCompoundDSTableView.java
    /home/byrn/HDF_Projects/hdfview-3_dev/src/org.hdfgroup.hdfview/hdf/view/TableView/DefaultScalarAttributeTableView.java
    /home/byrn/HDF_Projects/hdfview-3_dev/src/org.hdfgroup.hdfview/hdf/view/TableView/DefaultScalarDSTableView.java
    /home/byrn/HDF_Projects/hdfview-3_dev/src/org.hdfgroup.hdfview/hdf/view/TableView/DefaultTableViewFactory.java
    /home/byrn/HDF_Projects/hdfview-3_dev/src/org.hdfgroup.hdfview/hdf/view/TableView/TableView.java
    /home/byrn/HDF_Projects/hdfview-3_dev/src/org.hdfgroup.hdfview/hdf/view/TableView/TableViewFactory.java
    /home/byrn/HDF_Projects/hdfview-3_dev/src/org.hdfgroup.hdfview/hdf/view/Tools.java
    /home/byrn/HDF_Projects/hdfview-3_dev/src/org.hdfgroup.hdfview/hdf/view/TreeView/DefaultTreeView.java
    /home/byrn/HDF_Projects/hdfview-3_dev/src/org.hdfgroup.hdfview/hdf/view/TreeView/DefaultTreeViewFactory.java
    /home/byrn/HDF_Projects/hdfview-3_dev/src/org.hdfgroup.hdfview/hdf/view/TreeView/TreeView.java
    /home/byrn/HDF_Projects/hdfview-3_dev/src/org.hdfgroup.hdfview/hdf/view/TreeView/TreeViewFactory.java
    /home/byrn/HDF_Projects/hdfview-3_dev/src/org.hdfgroup.hdfview/hdf/view/ViewProperties.java
    /home/byrn/HDF_Projects/hdfview-3_dev/src/org.hdfgroup.hdfview/hdf/view/dialog/DataOptionDialog.java
    /home/byrn/HDF_Projects/hdfview-3_dev/src/org.hdfgroup.hdfview/hdf/view/dialog/ImageConversionDialog.java
    /home/byrn/HDF_Projects/hdfview-3_dev/src/org.hdfgroup.hdfview/hdf/view/dialog/InputDialog.java
    /home/byrn/HDF_Projects/hdfview-3_dev/src/org.hdfgroup.hdfview/hdf/view/dialog/MathConversionDialog.java
    /home/byrn/HDF_Projects/hdfview-3_dev/src/org.hdfgroup.hdfview/hdf/view/dialog/NewAttributeDialog.java
    /home/byrn/HDF_Projects/hdfview-3_dev/src/org.hdfgroup.hdfview/hdf/view/dialog/NewCompoundDatasetDialog.java
    /home/byrn/HDF_Projects/hdfview-3_dev/src/org.hdfgroup.hdfview/hdf/view/dialog/NewDatasetDialog.java
    /home/byrn/HDF_Projects/hdfview-3_dev/src/org.hdfgroup.hdfview/hdf/view/dialog/NewDatatypeDialog.java
    /home/byrn/HDF_Projects/hdfview-3_dev/src/org.hdfgroup.hdfview/hdf/view/dialog/NewGroupDialog.java
    /home/byrn/HDF_Projects/hdfview-3_dev/src/org.hdfgroup.hdfview/hdf/view/dialog/NewImageDialog.java
    /home/byrn/HDF_Projects/hdfview-3_dev/src/org.hdfgroup.hdfview/hdf/view/dialog/NewLinkDialog.java
    /home/byrn/HDF_Projects/hdfview-3_dev/src/org.hdfgroup.hdfview/hdf/view/dialog/UserOptionsDefaultPage.java
    /home/byrn/HDF_Projects/hdfview-3_dev/src/org.hdfgroup.hdfview/hdf/view/dialog/UserOptionsDialog.java
    /home/byrn/HDF_Projects/hdfview-3_dev/src/org.hdfgroup.hdfview/hdf/view/dialog/UserOptionsGeneralPage.java
    /home/byrn/HDF_Projects/hdfview-3_dev/src/org.hdfgroup.hdfview/hdf/view/dialog/UserOptionsHDFPage.java
    /home/byrn/HDF_Projects/hdfview-3_dev/src/org.hdfgroup.hdfview/hdf/view/dialog/UserOptionsNode.java
    /home/byrn/HDF_Projects/hdfview-3_dev/src/org.hdfgroup.hdfview/hdf/view/dialog/UserOptionsViewModulesPage.java
    /home/byrn/HDF_Projects/hdfview-3_dev/src/org.hdfgroup.hdfview/module-info.java
    /home/byrn/HDF_Projects/hdfview-3_dev/src/org.hdfgroup.object/hdf/object/Attribute.java
    /home/byrn/HDF_Projects/hdfview-3_dev/src/org.hdfgroup.object/hdf/object/CompoundDS.java
    /home/byrn/HDF_Projects/hdfview-3_dev/src/org.hdfgroup.object/hdf/object/CompoundDataFormat.java
    /home/byrn/HDF_Projects/hdfview-3_dev/src/org.hdfgroup.object/hdf/object/DataFormat.java
    /home/byrn/HDF_Projects/hdfview-3_dev/src/org.hdfgroup.object/hdf/object/Dataset.java
    /home/byrn/HDF_Projects/hdfview-3_dev/src/org.hdfgroup.object/hdf/object/Datatype.java
    /home/byrn/HDF_Projects/hdfview-3_dev/src/org.hdfgroup.object/hdf/object/FileFormat.java
    /home/byrn/HDF_Projects/hdfview-3_dev/src/org.hdfgroup.object/hdf/object/Group.java
    /home/byrn/HDF_Projects/hdfview-3_dev/src/org.hdfgroup.object/hdf/object/HObject.java
    /home/byrn/HDF_Projects/hdfview-3_dev/src/org.hdfgroup.object/hdf/object/MetaDataContainer.java
    /home/byrn/HDF_Projects/hdfview-3_dev/src/org.hdfgroup.object/hdf/object/ScalarDS.java
    /home/byrn/HDF_Projects/hdfview-3_dev/src/org.hdfgroup.object/hdf/object/Utils.java
    /home/byrn/HDF_Projects/hdfview-3_dev/src/org.hdfgroup.object/hdf/object/fits/FitsDataset.java
    /home/byrn/HDF_Projects/hdfview-3_dev/src/org.hdfgroup.object/hdf/object/fits/FitsDatatype.java
    /home/byrn/HDF_Projects/hdfview-3_dev/src/org.hdfgroup.object/hdf/object/fits/FitsFile.java
    /home/byrn/HDF_Projects/hdfview-3_dev/src/org.hdfgroup.object/hdf/object/fits/FitsGroup.java
    /home/byrn/HDF_Projects/hdfview-3_dev/src/org.hdfgroup.object/hdf/object/h4/H4Datatype.java
    /home/byrn/HDF_Projects/hdfview-3_dev/src/org.hdfgroup.object/hdf/object/h4/H4File.java
    /home/byrn/HDF_Projects/hdfview-3_dev/src/org.hdfgroup.object/hdf/object/h4/H4GRImage.java
    /home/byrn/HDF_Projects/hdfview-3_dev/src/org.hdfgroup.object/hdf/object/h4/H4Group.java
    /home/byrn/HDF_Projects/hdfview-3_dev/src/org.hdfgroup.object/hdf/object/h4/H4SDS.java
    /home/byrn/HDF_Projects/hdfview-3_dev/src/org.hdfgroup.object/hdf/object/h4/H4Vdata.java
    /home/byrn/HDF_Projects/hdfview-3_dev/src/org.hdfgroup.object/hdf/object/h5/H5CompoundDS.java
    /home/byrn/HDF_Projects/hdfview-3_dev/src/org.hdfgroup.object/hdf/object/h5/H5Datatype.java
    /home/byrn/HDF_Projects/hdfview-3_dev/src/org.hdfgroup.object/hdf/object/h5/H5File.java
    /home/byrn/HDF_Projects/hdfview-3_dev/src/org.hdfgroup.object/hdf/object/h5/H5Group.java
    /home/byrn/HDF_Projects/hdfview-3_dev/src/org.hdfgroup.object/hdf/object/h5/H5Link.java
    /home/byrn/HDF_Projects/hdfview-3_dev/src/org.hdfgroup.object/hdf/object/h5/H5ScalarDS.java
    /home/byrn/HDF_Projects/hdfview-3_dev/src/org.hdfgroup.object/hdf/object/h5/H5Utils.java
    /home/byrn/HDF_Projects/hdfview-3_dev/src/org.hdfgroup.object/hdf/object/nc2/NC2Dataset.java
    /home/byrn/HDF_Projects/hdfview-3_dev/src/org.hdfgroup.object/hdf/object/nc2/NC2Datatype.java
    /home/byrn/HDF_Projects/hdfview-3_dev/src/org.hdfgroup.object/hdf/object/nc2/NC2File.java
    /home/byrn/HDF_Projects/hdfview-3_dev/src/org.hdfgroup.object/hdf/object/nc2/NC2Group.java
    /home/byrn/HDF_Projects/hdfview-3_dev/src/org.hdfgroup.object/module-info.java
    [javac] /home/byrn/HDF_Projects/hdfview-3_dev/src/org.hdfgroup.hdfview/hdf/HDFVersions.java:4: error: <identifier> expected
    [javac]     public static final String HDF4_VERSION    = @HDF4_VERSION@;
    [javac]                                                                ^
    [javac] /home/byrn/HDF_Projects/hdfview-3_dev/src/org.hdfgroup.hdfview/hdf/HDFVersions.java:5: error: <identifier> expected
    [javac]     public static final String HDF5_VERSION    = @HDF5_VERSION@;
    [javac]                                                                ^
    [javac] /home/byrn/HDF_Projects/hdfview-3_dev/src/org.hdfgroup.hdfview/hdf/HDFVersions.java:6: error: <identifier> expected
    [javac]     public static final String HDFVIEW_VERSION = @HDFVIEW_VERSION@;
    [javac]                                                                   ^
    [javac] 3 errors
compile:  duration 3 seconds

BUILD FAILED

/home/byrn/HDF_Projects/hdfview-3_dev/build.xml:326: Compile failed; see the compiler error output for details.
	at org.apache.tools.ant.taskdefs.Javac.compile(Javac.java:1409)
	at org.apache.tools.ant.taskdefs.Javac.execute(Javac.java:1117)
	at org.apache.tools.ant.UnknownElement.execute(UnknownElement.java:292)
	at jdk.internal.reflect.GeneratedMethodAccessor4.invoke(Unknown Source)
	at java.base/jdk.internal.reflect.DelegatingMethodAccessorImpl.invoke(DelegatingMethodAccessorImpl.java:43)
	at java.base/java.lang.reflect.Method.invoke(Method.java:564)
	at org.apache.tools.ant.dispatch.DispatchUtils.execute(DispatchUtils.java:99)
	at org.apache.tools.ant.Task.perform(Task.java:350)
	at org.apache.tools.ant.Target.execute(Target.java:449)
	at org.apache.tools.ant.Target.performTasks(Target.java:470)
	at org.apache.tools.ant.Project.executeSortedTargets(Project.java:1391)
	at org.apache.tools.ant.Project.executeTarget(Project.java:1364)
	at org.apache.tools.ant.helper.DefaultExecutor.executeTargets(DefaultExecutor.java:41)
	at org.eclipse.ant.internal.launching.remote.EclipseDefaultExecutor.executeTargets(EclipseDefaultExecutor.java:34)
	at org.apache.tools.ant.Project.executeTargets(Project.java:1254)
	at org.eclipse.ant.internal.launching.remote.InternalAntRunner.run(InternalAntRunner.java:461)
	at org.eclipse.ant.internal.launching.remote.InternalAntRunner.main(InternalAntRunner.java:143)
