
        [echo]      Application:      HDFView 3.2.0
        [echo]      Build File:       /home/byrn/HDF_Projects/hdfview_release/build.xml
        [echo]      
        [echo]      Run by:           byrn
        [echo]      Build Dir:        build
        [echo]      Base Dir:         /home/byrn/HDF_Projects/hdfview_release
        [echo]      Dist Dir:         build/dist
        [echo]      Java Home:        /opt/eclipse/plugins/org.eclipse.justj.openjdk.hotspot.jre.full.linux.x86_64_17.0.1.v20211116-1657/jre
        [echo]      HDF libpath:      /home/byrn/HDF_Projects/temp/HDF_Group/HDF/4.2.15/lib,/home/byrn/HDF_Projects/temp/HDF_Group/HDF5/1.12.2/lib
        [echo]      HDF4 version:     4.2.15
        [echo]      HDF5 version:     1.12.2.3
        [echo]      Operating System: Linux 5.17.4-200.fc35.x86_64 amd64
        [echo]      Debug Build:      true
        [echo]     
        [echo] running on Unix
Buildfile: /home/byrn/HDF_Projects/hdfview_release/build.xml

clean:
      [delete] Deleting directory /home/byrn/HDF_Projects/hdfview_release/build/classes
      [delete] Deleting directory /home/byrn/HDF_Projects/hdfview_release/build/jar
      [delete] Deleting directory /home/byrn/HDF_Projects/hdfview_release/build/junitreport
      [delete] Deleting directory /home/byrn/HDF_Projects/hdfview_release/build
       [mkdir] Created dir: /home/byrn/HDF_Projects/hdfview_release/build/classes/org.hdfgroup.object
       [mkdir] Created dir: /home/byrn/HDF_Projects/hdfview_release/build/classes/org.hdfgroup.hdfview
       [mkdir] Created dir: /home/byrn/HDF_Projects/hdfview_release/build/classes/hdf

create-property-file:
[propertyfile] Creating new property file: /home/byrn/HDF_Projects/hdfview_release/build/classes/hdf/versions.properties

compileobj:
        [copy] Copied 2 empty directories to 2 empty directories under /home/byrn/HDF_Projects/hdfview_release/build/classes/org.hdfgroup.object

compilehdf4:
        [copy] Copied 1 empty directory to 1 empty directory under /home/byrn/HDF_Projects/hdfview_release/build/classes/org.hdfgroup.object

compilefits:
        [copy] Copied 1 empty directory to 1 empty directory under /home/byrn/HDF_Projects/hdfview_release/build/classes/org.hdfgroup.object

compilenc2:
        [copy] Copied 1 empty directory to 1 empty directory under /home/byrn/HDF_Projects/hdfview_release/build/classes/org.hdfgroup.object

compilehdf5:
        [copy] Copied 1 empty directory to 1 empty directory under /home/byrn/HDF_Projects/hdfview_release/build/classes/org.hdfgroup.object

compile:
       [javac] Compiling 105 source files to /home/byrn/HDF_Projects/hdfview_release/build/classes
       [javac] Note: Some input files use or override a deprecated API.
       [javac] Note: Recompile with -Xlint:deprecation for details.
       [javac] Note: Some input files use unchecked or unsafe operations.
       [javac] Note: Recompile with -Xlint:unchecked for details.
        [copy] Copying 59 files to /home/byrn/HDF_Projects/hdfview_release/build/classes/org.hdfgroup.hdfview

objectjar:
       [mkdir] Created dir: /home/byrn/HDF_Projects/hdfview_release/build/jar
         [jar] Building jar: /home/byrn/HDF_Projects/hdfview_release/build/jar/hdfobject.jar

jar:
         [jar] Building jar: /home/byrn/HDF_Projects/hdfview_release/build/jar/HDFView.jar

javadoc:
     [javadoc] Generating Javadoc
     [javadoc] Javadoc execution
     [javadoc] Loading source file /home/byrn/HDF_Projects/hdfview_release/src/org.hdfgroup.hdfview/hdf/HDFVersions.java...
     [javadoc] Loading source file /home/byrn/HDF_Projects/hdfview_release/src/org.hdfgroup.hdfview/hdf/view/Chart.java...
     [javadoc] Loading source file /home/byrn/HDF_Projects/hdfview_release/src/org.hdfgroup.hdfview/hdf/view/DataView/DataView.java...
     [javadoc] Loading source file /home/byrn/HDF_Projects/hdfview_release/src/org.hdfgroup.hdfview/hdf/view/DataView/DataViewFactory.java...
     [javadoc] Loading source file /home/byrn/HDF_Projects/hdfview_release/src/org.hdfgroup.hdfview/hdf/view/DataView/DataViewFactoryProducer.java...
     [javadoc] Loading source file /home/byrn/HDF_Projects/hdfview_release/src/org.hdfgroup.hdfview/hdf/view/DataView/DataViewManager.java...
     [javadoc] Loading source file /home/byrn/HDF_Projects/hdfview_release/src/org.hdfgroup.hdfview/hdf/view/DefaultFileFilter.java...
     [javadoc] Loading source file /home/byrn/HDF_Projects/hdfview_release/src/org.hdfgroup.hdfview/hdf/view/HDFView.java...
     [javadoc] Loading source file /home/byrn/HDF_Projects/hdfview_release/src/org.hdfgroup.hdfview/hdf/view/HelpView/HelpView.java...
     [javadoc] Loading source file /home/byrn/HDF_Projects/hdfview_release/src/org.hdfgroup.hdfview/hdf/view/ImageView/DefaultImageView.java...
     [javadoc] Loading source file /home/byrn/HDF_Projects/hdfview_release/src/org.hdfgroup.hdfview/hdf/view/ImageView/DefaultImageViewFactory.java...
     [javadoc] Loading source file /home/byrn/HDF_Projects/hdfview_release/src/org.hdfgroup.hdfview/hdf/view/ImageView/ImageView.java...
     [javadoc] Loading source file /home/byrn/HDF_Projects/hdfview_release/src/org.hdfgroup.hdfview/hdf/view/ImageView/ImageViewFactory.java...
     [javadoc] Loading source file /home/byrn/HDF_Projects/hdfview_release/src/org.hdfgroup.hdfview/hdf/view/MetaDataView/DefaultBaseMetaDataView.java...
     [javadoc] Loading source file /home/byrn/HDF_Projects/hdfview_release/src/org.hdfgroup.hdfview/hdf/view/MetaDataView/DefaultDatasetMetaDataView.java...
     [javadoc] Loading source file /home/byrn/HDF_Projects/hdfview_release/src/org.hdfgroup.hdfview/hdf/view/MetaDataView/DefaultDatatypeMetaDataView.java...
     [javadoc] Loading source file /home/byrn/HDF_Projects/hdfview_release/src/org.hdfgroup.hdfview/hdf/view/MetaDataView/DefaultGroupMetaDataView.java...
     [javadoc] Loading source file /home/byrn/HDF_Projects/hdfview_release/src/org.hdfgroup.hdfview/hdf/view/MetaDataView/DefaultLinkMetaDataView.java...
     [javadoc] Loading source file /home/byrn/HDF_Projects/hdfview_release/src/org.hdfgroup.hdfview/hdf/view/MetaDataView/DefaultMetaDataViewFactory.java...
     [javadoc] Loading source file /home/byrn/HDF_Projects/hdfview_release/src/org.hdfgroup.hdfview/hdf/view/MetaDataView/MetaDataView.java...
     [javadoc] Loading source file /home/byrn/HDF_Projects/hdfview_release/src/org.hdfgroup.hdfview/hdf/view/MetaDataView/MetaDataViewFactory.java...
     [javadoc] Loading source file /home/byrn/HDF_Projects/hdfview_release/src/org.hdfgroup.hdfview/hdf/view/PaletteView/DefaultPaletteView.java...
     [javadoc] Loading source file /home/byrn/HDF_Projects/hdfview_release/src/org.hdfgroup.hdfview/hdf/view/PaletteView/DefaultPaletteViewFactory.java...
     [javadoc] Loading source file /home/byrn/HDF_Projects/hdfview_release/src/org.hdfgroup.hdfview/hdf/view/PaletteView/PaletteView.java...
     [javadoc] Loading source file /home/byrn/HDF_Projects/hdfview_release/src/org.hdfgroup.hdfview/hdf/view/PaletteView/PaletteViewFactory.java...
     [javadoc] Loading source file /home/byrn/HDF_Projects/hdfview_release/src/org.hdfgroup.hdfview/hdf/view/TableView/DataDisplayConverterFactory.java...
     [javadoc] Loading source file /home/byrn/HDF_Projects/hdfview_release/src/org.hdfgroup.hdfview/hdf/view/TableView/DataFactoryUtils.java...
     [javadoc] Loading source file /home/byrn/HDF_Projects/hdfview_release/src/org.hdfgroup.hdfview/hdf/view/TableView/DataProviderFactory.java...
     [javadoc] Loading source file /home/byrn/HDF_Projects/hdfview_release/src/org.hdfgroup.hdfview/hdf/view/TableView/DataValidatorFactory.java...
     [javadoc] Loading source file /home/byrn/HDF_Projects/hdfview_release/src/org.hdfgroup.hdfview/hdf/view/TableView/DefaultBaseTableView.java...
     [javadoc] Loading source file /home/byrn/HDF_Projects/hdfview_release/src/org.hdfgroup.hdfview/hdf/view/TableView/DefaultCompoundDSTableView.java...
     [javadoc] Loading source file /home/byrn/HDF_Projects/hdfview_release/src/org.hdfgroup.hdfview/hdf/view/TableView/DefaultScalarDSTableView.java...
     [javadoc] Loading source file /home/byrn/HDF_Projects/hdfview_release/src/org.hdfgroup.hdfview/hdf/view/TableView/DefaultTableViewFactory.java...
     [javadoc] Loading source file /home/byrn/HDF_Projects/hdfview_release/src/org.hdfgroup.hdfview/hdf/view/TableView/TableView.java...
     [javadoc] Loading source file /home/byrn/HDF_Projects/hdfview_release/src/org.hdfgroup.hdfview/hdf/view/TableView/TableViewFactory.java...
     [javadoc] Loading source file /home/byrn/HDF_Projects/hdfview_release/src/org.hdfgroup.hdfview/hdf/view/Tools.java...
     [javadoc] Loading source file /home/byrn/HDF_Projects/hdfview_release/src/org.hdfgroup.hdfview/hdf/view/TreeView/DefaultTreeView.java...
     [javadoc] Loading source file /home/byrn/HDF_Projects/hdfview_release/src/org.hdfgroup.hdfview/hdf/view/TreeView/DefaultTreeViewFactory.java...
     [javadoc] Loading source file /home/byrn/HDF_Projects/hdfview_release/src/org.hdfgroup.hdfview/hdf/view/TreeView/TreeView.java...
     [javadoc] Loading source file /home/byrn/HDF_Projects/hdfview_release/src/org.hdfgroup.hdfview/hdf/view/TreeView/TreeViewFactory.java...
     [javadoc] Loading source file /home/byrn/HDF_Projects/hdfview_release/src/org.hdfgroup.hdfview/hdf/view/ViewProperties.java...
     [javadoc] Loading source file /home/byrn/HDF_Projects/hdfview_release/src/org.hdfgroup.hdfview/hdf/view/dialog/DataOptionDialog.java...
     [javadoc] Loading source file /home/byrn/HDF_Projects/hdfview_release/src/org.hdfgroup.hdfview/hdf/view/dialog/ImageConversionDialog.java...
     [javadoc] Loading source file /home/byrn/HDF_Projects/hdfview_release/src/org.hdfgroup.hdfview/hdf/view/dialog/InputDialog.java...
     [javadoc] Loading source file /home/byrn/HDF_Projects/hdfview_release/src/org.hdfgroup.hdfview/hdf/view/dialog/MathConversionDialog.java...
     [javadoc] Loading source file /home/byrn/HDF_Projects/hdfview_release/src/org.hdfgroup.hdfview/hdf/view/dialog/NewCompoundAttributeDialog.java...
     [javadoc] Loading source file /home/byrn/HDF_Projects/hdfview_release/src/org.hdfgroup.hdfview/hdf/view/dialog/NewCompoundDatasetDialog.java...
     [javadoc] Loading source file /home/byrn/HDF_Projects/hdfview_release/src/org.hdfgroup.hdfview/hdf/view/dialog/NewDataObjectDialog.java...
     [javadoc] Loading source file /home/byrn/HDF_Projects/hdfview_release/src/org.hdfgroup.hdfview/hdf/view/dialog/NewDatasetDialog.java...
     [javadoc] Loading source file /home/byrn/HDF_Projects/hdfview_release/src/org.hdfgroup.hdfview/hdf/view/dialog/NewDatatypeDialog.java...
     [javadoc] Loading source file /home/byrn/HDF_Projects/hdfview_release/src/org.hdfgroup.hdfview/hdf/view/dialog/NewGroupDialog.java...
     [javadoc] Loading source file /home/byrn/HDF_Projects/hdfview_release/src/org.hdfgroup.hdfview/hdf/view/dialog/NewImageDialog.java...
     [javadoc] Loading source file /home/byrn/HDF_Projects/hdfview_release/src/org.hdfgroup.hdfview/hdf/view/dialog/NewLinkDialog.java...
     [javadoc] Loading source file /home/byrn/HDF_Projects/hdfview_release/src/org.hdfgroup.hdfview/hdf/view/dialog/NewScalarAttributeDialog.java...
     [javadoc] Loading source file /home/byrn/HDF_Projects/hdfview_release/src/org.hdfgroup.hdfview/hdf/view/dialog/NewStringAttributeDialog.java...
     [javadoc] Loading source file /home/byrn/HDF_Projects/hdfview_release/src/org.hdfgroup.hdfview/hdf/view/dialog/UserOptionsDefaultPage.java...
     [javadoc] Loading source file /home/byrn/HDF_Projects/hdfview_release/src/org.hdfgroup.hdfview/hdf/view/dialog/UserOptionsDialog.java...
     [javadoc] Loading source file /home/byrn/HDF_Projects/hdfview_release/src/org.hdfgroup.hdfview/hdf/view/dialog/UserOptionsGeneralPage.java...
     [javadoc] Loading source file /home/byrn/HDF_Projects/hdfview_release/src/org.hdfgroup.hdfview/hdf/view/dialog/UserOptionsHDFPage.java...
     [javadoc] Loading source file /home/byrn/HDF_Projects/hdfview_release/src/org.hdfgroup.hdfview/hdf/view/dialog/UserOptionsNode.java...
     [javadoc] Loading source file /home/byrn/HDF_Projects/hdfview_release/src/org.hdfgroup.hdfview/hdf/view/dialog/UserOptionsViewModulesPage.java...
     [javadoc] Loading source file /home/byrn/HDF_Projects/hdfview_release/src/org.hdfgroup.hdfview/module-info.java...
     [javadoc] Loading source file /home/byrn/HDF_Projects/hdfview_release/src/org.hdfgroup.object/hdf/object/Attribute.java...
     [javadoc] Loading source file /home/byrn/HDF_Projects/hdfview_release/src/org.hdfgroup.object/hdf/object/CompoundDS.java...
     [javadoc] Loading source file /home/byrn/HDF_Projects/hdfview_release/src/org.hdfgroup.object/hdf/object/CompoundDataFormat.java...
     [javadoc] Loading source file /home/byrn/HDF_Projects/hdfview_release/src/org.hdfgroup.object/hdf/object/DataFormat.java...
     [javadoc] Loading source file /home/byrn/HDF_Projects/hdfview_release/src/org.hdfgroup.object/hdf/object/Dataset.java...
     [javadoc] Loading source file /home/byrn/HDF_Projects/hdfview_release/src/org.hdfgroup.object/hdf/object/Datatype.java...
     [javadoc] Loading source file /home/byrn/HDF_Projects/hdfview_release/src/org.hdfgroup.object/hdf/object/FileFormat.java...
     [javadoc] Loading source file /home/byrn/HDF_Projects/hdfview_release/src/org.hdfgroup.object/hdf/object/Group.java...
     [javadoc] Loading source file /home/byrn/HDF_Projects/hdfview_release/src/org.hdfgroup.object/hdf/object/HObject.java...
     [javadoc] Loading source file /home/byrn/HDF_Projects/hdfview_release/src/org.hdfgroup.object/hdf/object/MetaDataContainer.java...
     [javadoc] Loading source file /home/byrn/HDF_Projects/hdfview_release/src/org.hdfgroup.object/hdf/object/ScalarDS.java...
     [javadoc] Loading source file /home/byrn/HDF_Projects/hdfview_release/src/org.hdfgroup.object/hdf/object/Utils.java...
     [javadoc] Loading source file /home/byrn/HDF_Projects/hdfview_release/src/org.hdfgroup.object/hdf/object/fits/FitsAttribute.java...
     [javadoc] Loading source file /home/byrn/HDF_Projects/hdfview_release/src/org.hdfgroup.object/hdf/object/fits/FitsDataset.java...
     [javadoc] Loading source file /home/byrn/HDF_Projects/hdfview_release/src/org.hdfgroup.object/hdf/object/fits/FitsDatatype.java...
     [javadoc] Loading source file /home/byrn/HDF_Projects/hdfview_release/src/org.hdfgroup.object/hdf/object/fits/FitsFile.java...
     [javadoc] Loading source file /home/byrn/HDF_Projects/hdfview_release/src/org.hdfgroup.object/hdf/object/fits/FitsGroup.java...
     [javadoc] Loading source file /home/byrn/HDF_Projects/hdfview_release/src/org.hdfgroup.object/hdf/object/h4/H4CompoundAttribute.java...
     [javadoc] Loading source file /home/byrn/HDF_Projects/hdfview_release/src/org.hdfgroup.object/hdf/object/h4/H4Datatype.java...
     [javadoc] Loading source file /home/byrn/HDF_Projects/hdfview_release/src/org.hdfgroup.object/hdf/object/h4/H4File.java...
     [javadoc] Loading source file /home/byrn/HDF_Projects/hdfview_release/src/org.hdfgroup.object/hdf/object/h4/H4GRImage.java...
     [javadoc] Loading source file /home/byrn/HDF_Projects/hdfview_release/src/org.hdfgroup.object/hdf/object/h4/H4Group.java...
     [javadoc] Loading source file /home/byrn/HDF_Projects/hdfview_release/src/org.hdfgroup.object/hdf/object/h4/H4SDS.java...
     [javadoc] Loading source file /home/byrn/HDF_Projects/hdfview_release/src/org.hdfgroup.object/hdf/object/h4/H4ScalarAttribute.java...
     [javadoc] Loading source file /home/byrn/HDF_Projects/hdfview_release/src/org.hdfgroup.object/hdf/object/h4/H4Vdata.java...
     [javadoc] Loading source file /home/byrn/HDF_Projects/hdfview_release/src/org.hdfgroup.object/hdf/object/h5/H5Attribute.java...
     [javadoc] Loading source file /home/byrn/HDF_Projects/hdfview_release/src/org.hdfgroup.object/hdf/object/h5/H5CompoundAttr.java...
     [javadoc] Loading source file /home/byrn/HDF_Projects/hdfview_release/src/org.hdfgroup.object/hdf/object/h5/H5CompoundDS.java...
     [javadoc] Loading source file /home/byrn/HDF_Projects/hdfview_release/src/org.hdfgroup.object/hdf/object/h5/H5Datatype.java...
     [javadoc] Loading source file /home/byrn/HDF_Projects/hdfview_release/src/org.hdfgroup.object/hdf/object/h5/H5File.java...
     [javadoc] Loading source file /home/byrn/HDF_Projects/hdfview_release/src/org.hdfgroup.object/hdf/object/h5/H5Group.java...
     [javadoc] Loading source file /home/byrn/HDF_Projects/hdfview_release/src/org.hdfgroup.object/hdf/object/h5/H5Link.java...
     [javadoc] Loading source file /home/byrn/HDF_Projects/hdfview_release/src/org.hdfgroup.object/hdf/object/h5/H5MetaDataContainer.java...
     [javadoc] Loading source file /home/byrn/HDF_Projects/hdfview_release/src/org.hdfgroup.object/hdf/object/h5/H5ReferenceType.java...
     [javadoc] Loading source file /home/byrn/HDF_Projects/hdfview_release/src/org.hdfgroup.object/hdf/object/h5/H5ScalarAttr.java...
     [javadoc] Loading source file /home/byrn/HDF_Projects/hdfview_release/src/org.hdfgroup.object/hdf/object/h5/H5ScalarDS.java...
     [javadoc] Loading source file /home/byrn/HDF_Projects/hdfview_release/src/org.hdfgroup.object/hdf/object/h5/H5Utils.java...
     [javadoc] Loading source file /home/byrn/HDF_Projects/hdfview_release/src/org.hdfgroup.object/hdf/object/nc2/NC2Attribute.java...
     [javadoc] Loading source file /home/byrn/HDF_Projects/hdfview_release/src/org.hdfgroup.object/hdf/object/nc2/NC2Dataset.java...
     [javadoc] Loading source file /home/byrn/HDF_Projects/hdfview_release/src/org.hdfgroup.object/hdf/object/nc2/NC2Datatype.java...
     [javadoc] Loading source file /home/byrn/HDF_Projects/hdfview_release/src/org.hdfgroup.object/hdf/object/nc2/NC2File.java...
     [javadoc] Loading source file /home/byrn/HDF_Projects/hdfview_release/src/org.hdfgroup.object/hdf/object/nc2/NC2Group.java...
     [javadoc] Loading source file /home/byrn/HDF_Projects/hdfview_release/src/org.hdfgroup.object/module-info.java...
     [javadoc] Constructing Javadoc information...
     [javadoc] Creating destination directory: "/home/byrn/HDF_Projects/hdfview_release/build/javadocs/"
     [javadoc] Building index for all the packages and classes...
     [javadoc] Standard Doclet version 17.0.1+12
     [javadoc] Building tree for all the packages and classes...
     [javadoc] Generating /home/byrn/HDF_Projects/hdfview_release/build/javadocs/org.hdfgroup.object/hdf/object/Attribute.html...
     [javadoc] Generating /home/byrn/HDF_Projects/hdfview_release/build/javadocs/org.hdfgroup.hdfview/hdf/view/Chart.html...
     [javadoc] Generating /home/byrn/HDF_Projects/hdfview_release/build/javadocs/org.hdfgroup.object/hdf/object/CompoundDataFormat.html...
     [javadoc] Generating /home/byrn/HDF_Projects/hdfview_release/build/javadocs/org.hdfgroup.object/hdf/object/CompoundDS.html...
     [javadoc] Generating /home/byrn/HDF_Projects/hdfview_release/build/javadocs/org.hdfgroup.hdfview/hdf/view/TableView/DataDisplayConverterFactory.html...
     [javadoc] Generating /home/byrn/HDF_Projects/hdfview_release/build/javadocs/org.hdfgroup.hdfview/hdf/view/TableView/DataDisplayConverterFactory.HDFDisplayConverter.html...
     [javadoc] Generating /home/byrn/HDF_Projects/hdfview_release/build/javadocs/org.hdfgroup.hdfview/hdf/view/TableView/DataFactoryUtils.html...
     [javadoc] Generating /home/byrn/HDF_Projects/hdfview_release/build/javadocs/org.hdfgroup.object/hdf/object/DataFormat.html...
     [javadoc] Generating /home/byrn/HDF_Projects/hdfview_release/build/javadocs/org.hdfgroup.hdfview/hdf/view/dialog/DataOptionDialog.html...
     [javadoc] Generating /home/byrn/HDF_Projects/hdfview_release/build/javadocs/org.hdfgroup.hdfview/hdf/view/TableView/DataProviderFactory.html...
     [javadoc] Generating /home/byrn/HDF_Projects/hdfview_release/build/javadocs/org.hdfgroup.hdfview/hdf/view/TableView/DataProviderFactory.HDFDataProvider.html...
     [javadoc] Generating /home/byrn/HDF_Projects/hdfview_release/build/javadocs/org.hdfgroup.object/hdf/object/Dataset.html...
     [javadoc] Generating /home/byrn/HDF_Projects/hdfview_release/build/javadocs/org.hdfgroup.object/hdf/object/Datatype.html...
     [javadoc] Generating /home/byrn/HDF_Projects/hdfview_release/build/javadocs/org.hdfgroup.hdfview/hdf/view/TableView/DataValidatorFactory.html...
     [javadoc] Generating /home/byrn/HDF_Projects/hdfview_release/build/javadocs/org.hdfgroup.hdfview/hdf/view/TableView/DataValidatorFactory.HDFDataValidator.html...
     [javadoc] Generating /home/byrn/HDF_Projects/hdfview_release/build/javadocs/org.hdfgroup.hdfview/hdf/view/DataView/DataView.html...
     [javadoc] Generating /home/byrn/HDF_Projects/hdfview_release/build/javadocs/org.hdfgroup.hdfview/hdf/view/DataView/DataViewFactory.html...
     [javadoc] Generating /home/byrn/HDF_Projects/hdfview_release/build/javadocs/org.hdfgroup.hdfview/hdf/view/DataView/DataViewFactoryProducer.html...
     [javadoc] Generating /home/byrn/HDF_Projects/hdfview_release/build/javadocs/org.hdfgroup.hdfview/hdf/view/DataView/DataViewManager.html...
     [javadoc] Generating /home/byrn/HDF_Projects/hdfview_release/build/javadocs/org.hdfgroup.hdfview/hdf/view/MetaDataView/DefaultBaseMetaDataView.html...
     [javadoc] Generating /home/byrn/HDF_Projects/hdfview_release/build/javadocs/org.hdfgroup.hdfview/hdf/view/TableView/DefaultBaseTableView.html...
     [javadoc] Generating /home/byrn/HDF_Projects/hdfview_release/build/javadocs/org.hdfgroup.hdfview/hdf/view/TableView/DefaultBaseTableView.ColumnHeader.html...
     [javadoc] Generating /home/byrn/HDF_Projects/hdfview_release/build/javadocs/org.hdfgroup.hdfview/hdf/view/TableView/DefaultBaseTableView.EditingGridLayer.html...
     [javadoc] Generating /home/byrn/HDF_Projects/hdfview_release/build/javadocs/org.hdfgroup.hdfview/hdf/view/TableView/DefaultBaseTableView.RefContextMenu.html...
     [javadoc] Generating /home/byrn/HDF_Projects/hdfview_release/build/javadocs/org.hdfgroup.hdfview/hdf/view/TableView/DefaultBaseTableView.RowHeader.html...
     [javadoc] Generating /home/byrn/HDF_Projects/hdfview_release/build/javadocs/org.hdfgroup.hdfview/hdf/view/TableView/DefaultBaseTableView.RowHeaderDataProvider.html...
     [javadoc] Generating /home/byrn/HDF_Projects/hdfview_release/build/javadocs/org.hdfgroup.hdfview/hdf/view/TableView/DefaultBaseTableView.ViewType.html...
     [javadoc] Generating /home/byrn/HDF_Projects/hdfview_release/build/javadocs/org.hdfgroup.hdfview/hdf/view/TableView/DefaultCompoundDSTableView.html...
     [javadoc] Generating /home/byrn/HDF_Projects/hdfview_release/build/javadocs/org.hdfgroup.hdfview/hdf/view/MetaDataView/DefaultDatasetMetaDataView.html...
     [javadoc] Generating /home/byrn/HDF_Projects/hdfview_release/build/javadocs/org.hdfgroup.hdfview/hdf/view/MetaDataView/DefaultDatatypeMetaDataView.html...
     [javadoc] Generating /home/byrn/HDF_Projects/hdfview_release/build/javadocs/org.hdfgroup.hdfview/hdf/view/DefaultFileFilter.html...
     [javadoc] Generating /home/byrn/HDF_Projects/hdfview_release/build/javadocs/org.hdfgroup.hdfview/hdf/view/MetaDataView/DefaultGroupMetaDataView.html...
     [javadoc] Generating /home/byrn/HDF_Projects/hdfview_release/build/javadocs/org.hdfgroup.hdfview/hdf/view/ImageView/DefaultImageView.html...
     [javadoc] Generating /home/byrn/HDF_Projects/hdfview_release/build/javadocs/org.hdfgroup.hdfview/hdf/view/ImageView/DefaultImageView.FlipFilter.html...
     [javadoc] Generating /home/byrn/HDF_Projects/hdfview_release/build/javadocs/org.hdfgroup.hdfview/hdf/view/ImageView/DefaultImageView.Rotate90Filter.html...
     [javadoc] Generating /home/byrn/HDF_Projects/hdfview_release/build/javadocs/org.hdfgroup.hdfview/hdf/view/ImageView/DefaultImageViewFactory.html...
     [javadoc] Generating /home/byrn/HDF_Projects/hdfview_release/build/javadocs/org.hdfgroup.hdfview/hdf/view/MetaDataView/DefaultLinkMetaDataView.html...
     [javadoc] Generating /home/byrn/HDF_Projects/hdfview_release/build/javadocs/org.hdfgroup.hdfview/hdf/view/MetaDataView/DefaultMetaDataViewFactory.html...
     [javadoc] Generating /home/byrn/HDF_Projects/hdfview_release/build/javadocs/org.hdfgroup.hdfview/hdf/view/PaletteView/DefaultPaletteView.html...
     [javadoc] Generating /home/byrn/HDF_Projects/hdfview_release/build/javadocs/org.hdfgroup.hdfview/hdf/view/PaletteView/DefaultPaletteViewFactory.html...
     [javadoc] Generating /home/byrn/HDF_Projects/hdfview_release/build/javadocs/org.hdfgroup.hdfview/hdf/view/TableView/DefaultScalarDSTableView.html...
     [javadoc] Generating /home/byrn/HDF_Projects/hdfview_release/build/javadocs/org.hdfgroup.hdfview/hdf/view/TableView/DefaultTableViewFactory.html...
     [javadoc] Generating /home/byrn/HDF_Projects/hdfview_release/build/javadocs/org.hdfgroup.hdfview/hdf/view/TreeView/DefaultTreeView.html...
     [javadoc] Generating /home/byrn/HDF_Projects/hdfview_release/build/javadocs/org.hdfgroup.hdfview/hdf/view/TreeView/DefaultTreeViewFactory.html...
     [javadoc] Generating /home/byrn/HDF_Projects/hdfview_release/build/javadocs/org.hdfgroup.object/hdf/object/FileFormat.html...
     [javadoc] Generating /home/byrn/HDF_Projects/hdfview_release/build/javadocs/org.hdfgroup.object/hdf/object/fits/FitsAttribute.html...
     [javadoc] Generating /home/byrn/HDF_Projects/hdfview_release/build/javadocs/org.hdfgroup.object/hdf/object/fits/FitsDataset.html...
     [javadoc] Generating /home/byrn/HDF_Projects/hdfview_release/build/javadocs/org.hdfgroup.object/hdf/object/fits/FitsDatatype.html...
     [javadoc] Generating /home/byrn/HDF_Projects/hdfview_release/build/javadocs/org.hdfgroup.object/hdf/object/fits/FitsFile.html...
     [javadoc] Generating /home/byrn/HDF_Projects/hdfview_release/build/javadocs/org.hdfgroup.object/hdf/object/fits/FitsGroup.html...
     [javadoc] Generating /home/byrn/HDF_Projects/hdfview_release/build/javadocs/org.hdfgroup.object/hdf/object/Group.html...
     [javadoc] Generating /home/byrn/HDF_Projects/hdfview_release/build/javadocs/org.hdfgroup.object/hdf/object/h4/H4CompoundAttribute.html...
     [javadoc] Generating /home/byrn/HDF_Projects/hdfview_release/build/javadocs/org.hdfgroup.object/hdf/object/h4/H4Datatype.html...
     [javadoc] Generating /home/byrn/HDF_Projects/hdfview_release/build/javadocs/org.hdfgroup.object/hdf/object/h4/H4File.html...
     [javadoc] Generating /home/byrn/HDF_Projects/hdfview_release/build/javadocs/org.hdfgroup.object/hdf/object/h4/H4GRImage.html...
     [javadoc] Generating /home/byrn/HDF_Projects/hdfview_release/build/javadocs/org.hdfgroup.object/hdf/object/h4/H4Group.html...
     [javadoc] Generating /home/byrn/HDF_Projects/hdfview_release/build/javadocs/org.hdfgroup.object/hdf/object/h4/H4ScalarAttribute.html...
     [javadoc] Generating /home/byrn/HDF_Projects/hdfview_release/build/javadocs/org.hdfgroup.object/hdf/object/h4/H4SDS.html...
     [javadoc] Generating /home/byrn/HDF_Projects/hdfview_release/build/javadocs/org.hdfgroup.object/hdf/object/h4/H4Vdata.html...
     [javadoc] Generating /home/byrn/HDF_Projects/hdfview_release/build/javadocs/org.hdfgroup.object/hdf/object/h5/H5Attribute.html...
     [javadoc] Generating /home/byrn/HDF_Projects/hdfview_release/build/javadocs/org.hdfgroup.object/hdf/object/h5/H5CompoundAttr.html...
     [javadoc] Generating /home/byrn/HDF_Projects/hdfview_release/build/javadocs/org.hdfgroup.object/hdf/object/h5/H5CompoundDS.html...
     [javadoc] Generating /home/byrn/HDF_Projects/hdfview_release/build/javadocs/org.hdfgroup.object/hdf/object/h5/H5Datatype.html...
     [javadoc] Generating /home/byrn/HDF_Projects/hdfview_release/build/javadocs/org.hdfgroup.object/hdf/object/h5/H5File.html...
     [javadoc] Generating /home/byrn/HDF_Projects/hdfview_release/build/javadocs/org.hdfgroup.object/hdf/object/h5/H5File.IO_TYPE.html...
     [javadoc] Generating /home/byrn/HDF_Projects/hdfview_release/build/javadocs/org.hdfgroup.object/hdf/object/h5/H5Group.html...
     [javadoc] Generating /home/byrn/HDF_Projects/hdfview_release/build/javadocs/org.hdfgroup.object/hdf/object/h5/H5Link.html...
     [javadoc] Generating /home/byrn/HDF_Projects/hdfview_release/build/javadocs/org.hdfgroup.object/hdf/object/h5/H5MetaDataContainer.html...
     [javadoc] Generating /home/byrn/HDF_Projects/hdfview_release/build/javadocs/org.hdfgroup.object/hdf/object/h5/H5ReferenceType.html...
     [javadoc] Generating /home/byrn/HDF_Projects/hdfview_release/build/javadocs/org.hdfgroup.object/hdf/object/h5/H5ReferenceType.H5ReferenceData.html...
     [javadoc] Generating /home/byrn/HDF_Projects/hdfview_release/build/javadocs/org.hdfgroup.object/hdf/object/h5/H5ScalarAttr.html...
     [javadoc] Generating /home/byrn/HDF_Projects/hdfview_release/build/javadocs/org.hdfgroup.object/hdf/object/h5/H5ScalarDS.html...
     [javadoc] Generating /home/byrn/HDF_Projects/hdfview_release/build/javadocs/org.hdfgroup.object/hdf/object/h5/H5Utils.html...
     [javadoc] Generating /home/byrn/HDF_Projects/hdfview_release/build/javadocs/org.hdfgroup.hdfview/hdf/HDFVersions.html...
     [javadoc] Generating /home/byrn/HDF_Projects/hdfview_release/build/javadocs/org.hdfgroup.hdfview/hdf/view/HDFView.html...
     [javadoc] Generating /home/byrn/HDF_Projects/hdfview_release/build/javadocs/org.hdfgroup.hdfview/hdf/view/HelpView/HelpView.html...
     [javadoc] Generating /home/byrn/HDF_Projects/hdfview_release/build/javadocs/org.hdfgroup.object/hdf/object/HObject.html...
     [javadoc] Generating /home/byrn/HDF_Projects/hdfview_release/build/javadocs/org.hdfgroup.hdfview/hdf/view/dialog/ImageConversionDialog.html...
     [javadoc] Generating /home/byrn/HDF_Projects/hdfview_release/build/javadocs/org.hdfgroup.hdfview/hdf/view/ImageView/ImageView.html...
     [javadoc] Generating /home/byrn/HDF_Projects/hdfview_release/build/javadocs/org.hdfgroup.hdfview/hdf/view/ImageView/ImageViewFactory.html...
     [javadoc] Generating /home/byrn/HDF_Projects/hdfview_release/build/javadocs/org.hdfgroup.hdfview/hdf/view/dialog/InputDialog.html...
     [javadoc] Generating /home/byrn/HDF_Projects/hdfview_release/build/javadocs/org.hdfgroup.hdfview/hdf/view/dialog/MathConversionDialog.html...
     [javadoc] Generating /home/byrn/HDF_Projects/hdfview_release/build/javadocs/org.hdfgroup.object/hdf/object/MetaDataContainer.html...
     [javadoc] Generating /home/byrn/HDF_Projects/hdfview_release/build/javadocs/org.hdfgroup.hdfview/hdf/view/MetaDataView/MetaDataView.html...
     [javadoc] Generating /home/byrn/HDF_Projects/hdfview_release/build/javadocs/org.hdfgroup.hdfview/hdf/view/MetaDataView/MetaDataViewFactory.html...
     [javadoc] Generating /home/byrn/HDF_Projects/hdfview_release/build/javadocs/org.hdfgroup.object/hdf/object/nc2/NC2Attribute.html...
     [javadoc] Generating /home/byrn/HDF_Projects/hdfview_release/build/javadocs/org.hdfgroup.object/hdf/object/nc2/NC2Dataset.html...
     [javadoc] Generating /home/byrn/HDF_Projects/hdfview_release/build/javadocs/org.hdfgroup.object/hdf/object/nc2/NC2Datatype.html...
     [javadoc] Generating /home/byrn/HDF_Projects/hdfview_release/build/javadocs/org.hdfgroup.object/hdf/object/nc2/NC2File.html...
     [javadoc] Generating /home/byrn/HDF_Projects/hdfview_release/build/javadocs/org.hdfgroup.object/hdf/object/nc2/NC2Group.html...
     [javadoc] Generating /home/byrn/HDF_Projects/hdfview_release/build/javadocs/org.hdfgroup.hdfview/hdf/view/dialog/NewCompoundAttributeDialog.html...
     [javadoc] Generating /home/byrn/HDF_Projects/hdfview_release/build/javadocs/org.hdfgroup.hdfview/hdf/view/dialog/NewCompoundDatasetDialog.html...
     [javadoc] Generating /home/byrn/HDF_Projects/hdfview_release/build/javadocs/org.hdfgroup.hdfview/hdf/view/dialog/NewDataObjectDialog.html...
     [javadoc] Generating /home/byrn/HDF_Projects/hdfview_release/build/javadocs/org.hdfgroup.hdfview/hdf/view/dialog/NewDatasetDialog.html...
     [javadoc] Generating /home/byrn/HDF_Projects/hdfview_release/build/javadocs/org.hdfgroup.hdfview/hdf/view/dialog/NewDatatypeDialog.html...
     [javadoc] Generating /home/byrn/HDF_Projects/hdfview_release/build/javadocs/org.hdfgroup.hdfview/hdf/view/dialog/NewGroupDialog.html...
     [javadoc] Generating /home/byrn/HDF_Projects/hdfview_release/build/javadocs/org.hdfgroup.hdfview/hdf/view/dialog/NewImageDialog.html...
     [javadoc] Generating /home/byrn/HDF_Projects/hdfview_release/build/javadocs/org.hdfgroup.hdfview/hdf/view/dialog/NewLinkDialog.html...
     [javadoc] Generating /home/byrn/HDF_Projects/hdfview_release/build/javadocs/org.hdfgroup.hdfview/hdf/view/dialog/NewScalarAttributeDialog.html...
     [javadoc] Generating /home/byrn/HDF_Projects/hdfview_release/build/javadocs/org.hdfgroup.hdfview/hdf/view/dialog/NewStringAttributeDialog.html...
     [javadoc] Generating /home/byrn/HDF_Projects/hdfview_release/build/javadocs/org.hdfgroup.hdfview/hdf/view/PaletteView/PaletteView.html...
     [javadoc] Generating /home/byrn/HDF_Projects/hdfview_release/build/javadocs/org.hdfgroup.hdfview/hdf/view/PaletteView/PaletteViewFactory.html...
     [javadoc] Generating /home/byrn/HDF_Projects/hdfview_release/build/javadocs/org.hdfgroup.object/hdf/object/ScalarDS.html...
     [javadoc] Generating /home/byrn/HDF_Projects/hdfview_release/build/javadocs/org.hdfgroup.hdfview/hdf/view/TableView/TableView.html...
     [javadoc] Generating /home/byrn/HDF_Projects/hdfview_release/build/javadocs/org.hdfgroup.hdfview/hdf/view/TableView/TableViewFactory.html...
     [javadoc] Generating /home/byrn/HDF_Projects/hdfview_release/build/javadocs/org.hdfgroup.hdfview/hdf/view/Tools.html...
     [javadoc] Generating /home/byrn/HDF_Projects/hdfview_release/build/javadocs/org.hdfgroup.hdfview/hdf/view/TreeView/TreeView.html...
     [javadoc] Generating /home/byrn/HDF_Projects/hdfview_release/build/javadocs/org.hdfgroup.hdfview/hdf/view/TreeView/TreeViewFactory.html...
     [javadoc] Generating /home/byrn/HDF_Projects/hdfview_release/build/javadocs/org.hdfgroup.hdfview/hdf/view/dialog/UserOptionsDefaultPage.html...
     [javadoc] Generating /home/byrn/HDF_Projects/hdfview_release/build/javadocs/org.hdfgroup.hdfview/hdf/view/dialog/UserOptionsDialog.html...
     [javadoc] Generating /home/byrn/HDF_Projects/hdfview_release/build/javadocs/org.hdfgroup.hdfview/hdf/view/dialog/UserOptionsGeneralPage.html...
     [javadoc] Generating /home/byrn/HDF_Projects/hdfview_release/build/javadocs/org.hdfgroup.hdfview/hdf/view/dialog/UserOptionsHDFPage.html...
     [javadoc] Generating /home/byrn/HDF_Projects/hdfview_release/build/javadocs/org.hdfgroup.hdfview/hdf/view/dialog/UserOptionsNode.html...
     [javadoc] Generating /home/byrn/HDF_Projects/hdfview_release/build/javadocs/org.hdfgroup.hdfview/hdf/view/dialog/UserOptionsViewModulesPage.html...
     [javadoc] Generating /home/byrn/HDF_Projects/hdfview_release/build/javadocs/org.hdfgroup.object/hdf/object/Utils.html...
     [javadoc] Generating /home/byrn/HDF_Projects/hdfview_release/build/javadocs/org.hdfgroup.hdfview/hdf/view/ViewProperties.html...
     [javadoc] Generating /home/byrn/HDF_Projects/hdfview_release/build/javadocs/org.hdfgroup.hdfview/hdf/view/ViewProperties.BITMASK_OP.html...
     [javadoc] Generating /home/byrn/HDF_Projects/hdfview_release/build/javadocs/org.hdfgroup.hdfview/hdf/view/ViewProperties.DATA_VIEW_KEY.html...
     [javadoc] Generating /home/byrn/HDF_Projects/hdfview_release/build/javadocs/org.hdfgroup.hdfview/hdf/view/ViewProperties.DataViewType.html...
     [javadoc] Generating /home/byrn/HDF_Projects/hdfview_release/build/javadocs/org.hdfgroup.hdfview/hdf/package-summary.html...
     [javadoc] Generating /home/byrn/HDF_Projects/hdfview_release/build/javadocs/org.hdfgroup.hdfview/hdf/package-tree.html...
     [javadoc] Generating /home/byrn/HDF_Projects/hdfview_release/build/javadocs/org.hdfgroup.object/hdf/object/package-summary.html...
     [javadoc] Generating /home/byrn/HDF_Projects/hdfview_release/build/javadocs/org.hdfgroup.object/hdf/object/package-tree.html...
     [javadoc] Generating /home/byrn/HDF_Projects/hdfview_release/build/javadocs/org.hdfgroup.object/hdf/object/fits/package-summary.html...
     [javadoc] Generating /home/byrn/HDF_Projects/hdfview_release/build/javadocs/org.hdfgroup.object/hdf/object/fits/package-tree.html...
     [javadoc] Generating /home/byrn/HDF_Projects/hdfview_release/build/javadocs/org.hdfgroup.object/hdf/object/h4/package-summary.html...
     [javadoc] Generating /home/byrn/HDF_Projects/hdfview_release/build/javadocs/org.hdfgroup.object/hdf/object/h4/package-tree.html...
     [javadoc] Generating /home/byrn/HDF_Projects/hdfview_release/build/javadocs/org.hdfgroup.object/hdf/object/h5/package-summary.html...
     [javadoc] Generating /home/byrn/HDF_Projects/hdfview_release/build/javadocs/org.hdfgroup.object/hdf/object/h5/package-tree.html...
     [javadoc] Generating /home/byrn/HDF_Projects/hdfview_release/build/javadocs/org.hdfgroup.object/hdf/object/nc2/package-summary.html...
     [javadoc] Generating /home/byrn/HDF_Projects/hdfview_release/build/javadocs/org.hdfgroup.object/hdf/object/nc2/package-tree.html...
     [javadoc] Generating /home/byrn/HDF_Projects/hdfview_release/build/javadocs/org.hdfgroup.hdfview/hdf/view/package-summary.html...
     [javadoc] Generating /home/byrn/HDF_Projects/hdfview_release/build/javadocs/org.hdfgroup.hdfview/hdf/view/package-tree.html...
     [javadoc] Generating /home/byrn/HDF_Projects/hdfview_release/build/javadocs/org.hdfgroup.hdfview/hdf/view/DataView/package-summary.html...
     [javadoc] Generating /home/byrn/HDF_Projects/hdfview_release/build/javadocs/org.hdfgroup.hdfview/hdf/view/DataView/package-tree.html...
     [javadoc] Generating /home/byrn/HDF_Projects/hdfview_release/build/javadocs/org.hdfgroup.hdfview/hdf/view/dialog/package-summary.html...
     [javadoc] Generating /home/byrn/HDF_Projects/hdfview_release/build/javadocs/org.hdfgroup.hdfview/hdf/view/dialog/package-tree.html...
     [javadoc] Generating /home/byrn/HDF_Projects/hdfview_release/build/javadocs/org.hdfgroup.hdfview/hdf/view/HelpView/package-summary.html...
     [javadoc] Generating /home/byrn/HDF_Projects/hdfview_release/build/javadocs/org.hdfgroup.hdfview/hdf/view/HelpView/package-tree.html...
     [javadoc] Generating /home/byrn/HDF_Projects/hdfview_release/build/javadocs/org.hdfgroup.hdfview/hdf/view/ImageView/package-summary.html...
     [javadoc] Generating /home/byrn/HDF_Projects/hdfview_release/build/javadocs/org.hdfgroup.hdfview/hdf/view/ImageView/package-tree.html...
     [javadoc] Generating /home/byrn/HDF_Projects/hdfview_release/build/javadocs/org.hdfgroup.hdfview/hdf/view/MetaDataView/package-summary.html...
     [javadoc] Generating /home/byrn/HDF_Projects/hdfview_release/build/javadocs/org.hdfgroup.hdfview/hdf/view/MetaDataView/package-tree.html...
     [javadoc] Generating /home/byrn/HDF_Projects/hdfview_release/build/javadocs/org.hdfgroup.hdfview/hdf/view/PaletteView/package-summary.html...
     [javadoc] Generating /home/byrn/HDF_Projects/hdfview_release/build/javadocs/org.hdfgroup.hdfview/hdf/view/PaletteView/package-tree.html...
     [javadoc] Generating /home/byrn/HDF_Projects/hdfview_release/build/javadocs/org.hdfgroup.hdfview/hdf/view/TableView/package-summary.html...
     [javadoc] Generating /home/byrn/HDF_Projects/hdfview_release/build/javadocs/org.hdfgroup.hdfview/hdf/view/TableView/package-tree.html...
     [javadoc] Generating /home/byrn/HDF_Projects/hdfview_release/build/javadocs/org.hdfgroup.hdfview/hdf/view/TreeView/package-summary.html...
     [javadoc] Generating /home/byrn/HDF_Projects/hdfview_release/build/javadocs/org.hdfgroup.hdfview/hdf/view/TreeView/package-tree.html...
     [javadoc] Generating /home/byrn/HDF_Projects/hdfview_release/build/javadocs/org.hdfgroup.hdfview/module-summary.html...
     [javadoc] Generating /home/byrn/HDF_Projects/hdfview_release/build/javadocs/org.hdfgroup.object/module-summary.html...
     [javadoc] Generating /home/byrn/HDF_Projects/hdfview_release/build/javadocs/constant-values.html...
     [javadoc] Generating /home/byrn/HDF_Projects/hdfview_release/build/javadocs/serialized-form.html...
     [javadoc] Generating src-html/org.hdfgroup.hdfview/hdf/HDFVersions.html...
     [javadoc] Generating src-html/org.hdfgroup.hdfview/hdf/view/Chart.html...
     [javadoc] Generating src-html/org.hdfgroup.hdfview/hdf/view/DataView/DataView.html...
     [javadoc] Generating src-html/org.hdfgroup.hdfview/hdf/view/DataView/DataViewFactory.html...
     [javadoc] Generating src-html/org.hdfgroup.hdfview/hdf/view/DataView/DataViewFactoryProducer.html...
     [javadoc] Generating src-html/org.hdfgroup.hdfview/hdf/view/DataView/DataViewManager.html...
     [javadoc] Generating src-html/org.hdfgroup.hdfview/hdf/view/DefaultFileFilter.html...
     [javadoc] Generating src-html/org.hdfgroup.hdfview/hdf/view/HDFView.html...
     [javadoc] Generating src-html/org.hdfgroup.hdfview/hdf/view/HelpView/HelpView.html...
     [javadoc] Generating src-html/org.hdfgroup.hdfview/hdf/view/ImageView/DefaultImageView.html...
     [javadoc] Generating src-html/org.hdfgroup.hdfview/hdf/view/ImageView/DefaultImageView.Rotate90Filter.html...
     [javadoc] Generating src-html/org.hdfgroup.hdfview/hdf/view/ImageView/DefaultImageView.FlipFilter.html...
     [javadoc] Generating src-html/org.hdfgroup.hdfview/hdf/view/ImageView/DefaultImageViewFactory.html...
     [javadoc] Generating src-html/org.hdfgroup.hdfview/hdf/view/ImageView/ImageView.html...
     [javadoc] Generating src-html/org.hdfgroup.hdfview/hdf/view/ImageView/ImageViewFactory.html...
     [javadoc] Generating src-html/org.hdfgroup.hdfview/hdf/view/MetaDataView/DefaultBaseMetaDataView.html...
     [javadoc] Generating src-html/org.hdfgroup.hdfview/hdf/view/MetaDataView/DefaultDatasetMetaDataView.html...
     [javadoc] Generating src-html/org.hdfgroup.hdfview/hdf/view/MetaDataView/DefaultDatatypeMetaDataView.html...
     [javadoc] Generating src-html/org.hdfgroup.hdfview/hdf/view/MetaDataView/DefaultGroupMetaDataView.html...
     [javadoc] Generating src-html/org.hdfgroup.hdfview/hdf/view/MetaDataView/DefaultLinkMetaDataView.html...
     [javadoc] Generating src-html/org.hdfgroup.hdfview/hdf/view/MetaDataView/DefaultMetaDataViewFactory.html...
     [javadoc] Generating src-html/org.hdfgroup.hdfview/hdf/view/MetaDataView/MetaDataView.html...
     [javadoc] Generating src-html/org.hdfgroup.hdfview/hdf/view/MetaDataView/MetaDataViewFactory.html...
     [javadoc] Generating src-html/org.hdfgroup.hdfview/hdf/view/PaletteView/DefaultPaletteView.html...
     [javadoc] Generating src-html/org.hdfgroup.hdfview/hdf/view/PaletteView/DefaultPaletteViewFactory.html...
     [javadoc] Generating src-html/org.hdfgroup.hdfview/hdf/view/PaletteView/PaletteView.html...
     [javadoc] Generating src-html/org.hdfgroup.hdfview/hdf/view/PaletteView/PaletteViewFactory.html...
     [javadoc] Generating src-html/org.hdfgroup.hdfview/hdf/view/TableView/DataDisplayConverterFactory.html...
     [javadoc] Generating src-html/org.hdfgroup.hdfview/hdf/view/TableView/DataDisplayConverterFactory.HDFDisplayConverter.html...
     [javadoc] Generating src-html/org.hdfgroup.hdfview/hdf/view/TableView/DataFactoryUtils.html...
     [javadoc] Generating src-html/org.hdfgroup.hdfview/hdf/view/TableView/DataProviderFactory.html...
     [javadoc] Generating src-html/org.hdfgroup.hdfview/hdf/view/TableView/DataProviderFactory.HDFDataProvider.html...
     [javadoc] Generating src-html/org.hdfgroup.hdfview/hdf/view/TableView/DataValidatorFactory.html...
     [javadoc] Generating src-html/org.hdfgroup.hdfview/hdf/view/TableView/DataValidatorFactory.HDFDataValidator.html...
     [javadoc] Generating src-html/org.hdfgroup.hdfview/hdf/view/TableView/DefaultBaseTableView.html...
     [javadoc] Generating src-html/org.hdfgroup.hdfview/hdf/view/TableView/DefaultBaseTableView.RefContextMenu.html...
     [javadoc] Generating src-html/org.hdfgroup.hdfview/hdf/view/TableView/DefaultBaseTableView.ColumnHeader.html...
     [javadoc] Generating src-html/org.hdfgroup.hdfview/hdf/view/TableView/DefaultBaseTableView.RowHeaderDataProvider.html...
     [javadoc] Generating src-html/org.hdfgroup.hdfview/hdf/view/TableView/DefaultBaseTableView.RowHeader.html...
     [javadoc] Generating src-html/org.hdfgroup.hdfview/hdf/view/TableView/DefaultBaseTableView.EditingGridLayer.html...
     [javadoc] Generating src-html/org.hdfgroup.hdfview/hdf/view/TableView/DefaultBaseTableView.ViewType.html...
     [javadoc] Generating src-html/org.hdfgroup.hdfview/hdf/view/TableView/DefaultCompoundDSTableView.html...
     [javadoc] Generating src-html/org.hdfgroup.hdfview/hdf/view/TableView/DefaultScalarDSTableView.html...
     [javadoc] Generating src-html/org.hdfgroup.hdfview/hdf/view/TableView/DefaultTableViewFactory.html...
     [javadoc] Generating src-html/org.hdfgroup.hdfview/hdf/view/TableView/TableView.html...
     [javadoc] Generating src-html/org.hdfgroup.hdfview/hdf/view/TableView/TableViewFactory.html...
     [javadoc] Generating src-html/org.hdfgroup.hdfview/hdf/view/Tools.html...
     [javadoc] Generating src-html/org.hdfgroup.hdfview/hdf/view/TreeView/DefaultTreeView.html...
     [javadoc] Generating src-html/org.hdfgroup.hdfview/hdf/view/TreeView/DefaultTreeViewFactory.html...
     [javadoc] Generating src-html/org.hdfgroup.hdfview/hdf/view/TreeView/TreeView.html...
     [javadoc] Generating src-html/org.hdfgroup.hdfview/hdf/view/TreeView/TreeViewFactory.html...
     [javadoc] Generating src-html/org.hdfgroup.hdfview/hdf/view/ViewProperties.html...
     [javadoc] Generating src-html/org.hdfgroup.hdfview/hdf/view/ViewProperties.BITMASK_OP.html...
     [javadoc] Generating src-html/org.hdfgroup.hdfview/hdf/view/ViewProperties.DATA_VIEW_KEY.html...
     [javadoc] Generating src-html/org.hdfgroup.hdfview/hdf/view/ViewProperties.DataViewType.html...
     [javadoc] Generating src-html/org.hdfgroup.hdfview/hdf/view/dialog/DataOptionDialog.html...
     [javadoc] Generating src-html/org.hdfgroup.hdfview/hdf/view/dialog/ImageConversionDialog.html...
     [javadoc] Generating src-html/org.hdfgroup.hdfview/hdf/view/dialog/InputDialog.html...
     [javadoc] Generating src-html/org.hdfgroup.hdfview/hdf/view/dialog/MathConversionDialog.html...
     [javadoc] Generating src-html/org.hdfgroup.hdfview/hdf/view/dialog/NewCompoundAttributeDialog.html...
     [javadoc] Generating src-html/org.hdfgroup.hdfview/hdf/view/dialog/NewCompoundDatasetDialog.html...
     [javadoc] Generating src-html/org.hdfgroup.hdfview/hdf/view/dialog/NewDataObjectDialog.html...
     [javadoc] Generating src-html/org.hdfgroup.hdfview/hdf/view/dialog/NewDatasetDialog.html...
     [javadoc] Generating src-html/org.hdfgroup.hdfview/hdf/view/dialog/NewDatatypeDialog.html...
     [javadoc] Generating src-html/org.hdfgroup.hdfview/hdf/view/dialog/NewGroupDialog.html...
     [javadoc] Generating src-html/org.hdfgroup.hdfview/hdf/view/dialog/NewImageDialog.html...
     [javadoc] Generating src-html/org.hdfgroup.hdfview/hdf/view/dialog/NewLinkDialog.html...
     [javadoc] Generating src-html/org.hdfgroup.hdfview/hdf/view/dialog/NewScalarAttributeDialog.html...
     [javadoc] Generating src-html/org.hdfgroup.hdfview/hdf/view/dialog/NewStringAttributeDialog.html...
     [javadoc] Generating src-html/org.hdfgroup.hdfview/hdf/view/dialog/UserOptionsDefaultPage.html...
     [javadoc] Generating src-html/org.hdfgroup.hdfview/hdf/view/dialog/UserOptionsDialog.html...
     [javadoc] Generating src-html/org.hdfgroup.hdfview/hdf/view/dialog/UserOptionsGeneralPage.html...
     [javadoc] Generating src-html/org.hdfgroup.hdfview/hdf/view/dialog/UserOptionsHDFPage.html...
     [javadoc] Generating src-html/org.hdfgroup.hdfview/hdf/view/dialog/UserOptionsNode.html...
     [javadoc] Generating src-html/org.hdfgroup.hdfview/hdf/view/dialog/UserOptionsViewModulesPage.html...
     [javadoc] Generating src-html/org.hdfgroup.object/hdf/object/Attribute.html...
     [javadoc] Generating src-html/org.hdfgroup.object/hdf/object/CompoundDS.html...
     [javadoc] Generating src-html/org.hdfgroup.object/hdf/object/CompoundDataFormat.html...
     [javadoc] Generating src-html/org.hdfgroup.object/hdf/object/DataFormat.html...
     [javadoc] Generating src-html/org.hdfgroup.object/hdf/object/Dataset.html...
     [javadoc] Generating src-html/org.hdfgroup.object/hdf/object/Datatype.html...
     [javadoc] Generating src-html/org.hdfgroup.object/hdf/object/FileFormat.html...
     [javadoc] Generating src-html/org.hdfgroup.object/hdf/object/Group.html...
     [javadoc] Generating src-html/org.hdfgroup.object/hdf/object/HObject.html...
     [javadoc] Generating src-html/org.hdfgroup.object/hdf/object/MetaDataContainer.html...
     [javadoc] Generating src-html/org.hdfgroup.object/hdf/object/ScalarDS.html...
     [javadoc] Generating src-html/org.hdfgroup.object/hdf/object/Utils.html...
     [javadoc] Generating src-html/org.hdfgroup.object/hdf/object/fits/FitsAttribute.html...
     [javadoc] Generating src-html/org.hdfgroup.object/hdf/object/fits/FitsDataset.html...
     [javadoc] Generating src-html/org.hdfgroup.object/hdf/object/fits/FitsDatatype.html...
     [javadoc] Generating src-html/org.hdfgroup.object/hdf/object/fits/FitsFile.html...
     [javadoc] Generating src-html/org.hdfgroup.object/hdf/object/fits/FitsGroup.html...
     [javadoc] Generating src-html/org.hdfgroup.object/hdf/object/h4/H4CompoundAttribute.html...
     [javadoc] Generating src-html/org.hdfgroup.object/hdf/object/h4/H4Datatype.html...
     [javadoc] Generating src-html/org.hdfgroup.object/hdf/object/h4/H4File.html...
     [javadoc] Generating src-html/org.hdfgroup.object/hdf/object/h4/H4GRImage.html...
     [javadoc] Generating src-html/org.hdfgroup.object/hdf/object/h4/H4Group.html...
     [javadoc] Generating src-html/org.hdfgroup.object/hdf/object/h4/H4SDS.html...
     [javadoc] Generating src-html/org.hdfgroup.object/hdf/object/h4/H4ScalarAttribute.html...
     [javadoc] Generating src-html/org.hdfgroup.object/hdf/object/h4/H4Vdata.html...
     [javadoc] Generating src-html/org.hdfgroup.object/hdf/object/h5/H5Attribute.html...
     [javadoc] Generating src-html/org.hdfgroup.object/hdf/object/h5/H5CompoundAttr.html...
     [javadoc] Generating src-html/org.hdfgroup.object/hdf/object/h5/H5CompoundDS.html...
     [javadoc] Generating src-html/org.hdfgroup.object/hdf/object/h5/H5Datatype.html...
     [javadoc] Generating src-html/org.hdfgroup.object/hdf/object/h5/H5File.html...
     [javadoc] Generating src-html/org.hdfgroup.object/hdf/object/h5/H5File.IO_TYPE.html...
     [javadoc] Generating src-html/org.hdfgroup.object/hdf/object/h5/H5Group.html...
     [javadoc] Generating src-html/org.hdfgroup.object/hdf/object/h5/H5Link.html...
     [javadoc] Generating src-html/org.hdfgroup.object/hdf/object/h5/H5MetaDataContainer.html...
     [javadoc] Generating src-html/org.hdfgroup.object/hdf/object/h5/H5ReferenceType.html...
     [javadoc] Generating src-html/org.hdfgroup.object/hdf/object/h5/H5ReferenceType.H5ReferenceData.html...
     [javadoc] Generating src-html/org.hdfgroup.object/hdf/object/h5/H5ScalarAttr.html...
     [javadoc] Generating src-html/org.hdfgroup.object/hdf/object/h5/H5ScalarDS.html...
     [javadoc] Generating src-html/org.hdfgroup.object/hdf/object/h5/H5Utils.html...
     [javadoc] Generating src-html/org.hdfgroup.object/hdf/object/nc2/NC2Attribute.html...
     [javadoc] Generating src-html/org.hdfgroup.object/hdf/object/nc2/NC2Dataset.html...
     [javadoc] Generating src-html/org.hdfgroup.object/hdf/object/nc2/NC2Datatype.html...
     [javadoc] Generating src-html/org.hdfgroup.object/hdf/object/nc2/NC2File.html...
     [javadoc] Generating src-html/org.hdfgroup.object/hdf/object/nc2/NC2Group.html...
     [javadoc] Generating /home/byrn/HDF_Projects/hdfview_release/build/javadocs/org.hdfgroup.hdfview/hdf/class-use/HDFVersions.html...
     [javadoc] Generating /home/byrn/HDF_Projects/hdfview_release/build/javadocs/org.hdfgroup.hdfview/hdf/view/class-use/Chart.html...
     [javadoc] Generating /home/byrn/HDF_Projects/hdfview_release/build/javadocs/org.hdfgroup.hdfview/hdf/view/DataView/class-use/DataView.html...
     [javadoc] Generating /home/byrn/HDF_Projects/hdfview_release/build/javadocs/org.hdfgroup.hdfview/hdf/view/DataView/class-use/DataViewFactory.html...
     [javadoc] Generating /home/byrn/HDF_Projects/hdfview_release/build/javadocs/org.hdfgroup.hdfview/hdf/view/DataView/class-use/DataViewFactoryProducer.html...
     [javadoc] Generating /home/byrn/HDF_Projects/hdfview_release/build/javadocs/org.hdfgroup.hdfview/hdf/view/DataView/class-use/DataViewManager.html...
     [javadoc] Generating /home/byrn/HDF_Projects/hdfview_release/build/javadocs/org.hdfgroup.hdfview/hdf/view/class-use/DefaultFileFilter.html...
     [javadoc] Generating /home/byrn/HDF_Projects/hdfview_release/build/javadocs/org.hdfgroup.hdfview/hdf/view/class-use/HDFView.html...
     [javadoc] Generating /home/byrn/HDF_Projects/hdfview_release/build/javadocs/org.hdfgroup.hdfview/hdf/view/HelpView/class-use/HelpView.html...
     [javadoc] Generating /home/byrn/HDF_Projects/hdfview_release/build/javadocs/org.hdfgroup.hdfview/hdf/view/ImageView/class-use/DefaultImageView.html...
     [javadoc] Generating /home/byrn/HDF_Projects/hdfview_release/build/javadocs/org.hdfgroup.hdfview/hdf/view/ImageView/class-use/DefaultImageView.Rotate90Filter.html...
     [javadoc] Generating /home/byrn/HDF_Projects/hdfview_release/build/javadocs/org.hdfgroup.hdfview/hdf/view/ImageView/class-use/DefaultImageView.FlipFilter.html...
     [javadoc] Generating /home/byrn/HDF_Projects/hdfview_release/build/javadocs/org.hdfgroup.hdfview/hdf/view/ImageView/class-use/DefaultImageViewFactory.html...
     [javadoc] Generating /home/byrn/HDF_Projects/hdfview_release/build/javadocs/org.hdfgroup.hdfview/hdf/view/ImageView/class-use/ImageView.html...
     [javadoc] Generating /home/byrn/HDF_Projects/hdfview_release/build/javadocs/org.hdfgroup.hdfview/hdf/view/ImageView/class-use/ImageViewFactory.html...
     [javadoc] Generating /home/byrn/HDF_Projects/hdfview_release/build/javadocs/org.hdfgroup.hdfview/hdf/view/MetaDataView/class-use/DefaultBaseMetaDataView.html...
     [javadoc] Generating /home/byrn/HDF_Projects/hdfview_release/build/javadocs/org.hdfgroup.hdfview/hdf/view/MetaDataView/class-use/DefaultDatasetMetaDataView.html...
     [javadoc] Generating /home/byrn/HDF_Projects/hdfview_release/build/javadocs/org.hdfgroup.hdfview/hdf/view/MetaDataView/class-use/DefaultDatatypeMetaDataView.html...
     [javadoc] Generating /home/byrn/HDF_Projects/hdfview_release/build/javadocs/org.hdfgroup.hdfview/hdf/view/MetaDataView/class-use/DefaultGroupMetaDataView.html...
     [javadoc] Generating /home/byrn/HDF_Projects/hdfview_release/build/javadocs/org.hdfgroup.hdfview/hdf/view/MetaDataView/class-use/DefaultLinkMetaDataView.html...
     [javadoc] Generating /home/byrn/HDF_Projects/hdfview_release/build/javadocs/org.hdfgroup.hdfview/hdf/view/MetaDataView/class-use/DefaultMetaDataViewFactory.html...
     [javadoc] Generating /home/byrn/HDF_Projects/hdfview_release/build/javadocs/org.hdfgroup.hdfview/hdf/view/MetaDataView/class-use/MetaDataView.html...
     [javadoc] Generating /home/byrn/HDF_Projects/hdfview_release/build/javadocs/org.hdfgroup.hdfview/hdf/view/MetaDataView/class-use/MetaDataViewFactory.html...
     [javadoc] Generating /home/byrn/HDF_Projects/hdfview_release/build/javadocs/org.hdfgroup.hdfview/hdf/view/PaletteView/class-use/DefaultPaletteView.html...
     [javadoc] Generating /home/byrn/HDF_Projects/hdfview_release/build/javadocs/org.hdfgroup.hdfview/hdf/view/PaletteView/class-use/DefaultPaletteViewFactory.html...
     [javadoc] Generating /home/byrn/HDF_Projects/hdfview_release/build/javadocs/org.hdfgroup.hdfview/hdf/view/PaletteView/class-use/PaletteView.html...
     [javadoc] Generating /home/byrn/HDF_Projects/hdfview_release/build/javadocs/org.hdfgroup.hdfview/hdf/view/PaletteView/class-use/PaletteViewFactory.html...
     [javadoc] Generating /home/byrn/HDF_Projects/hdfview_release/build/javadocs/org.hdfgroup.hdfview/hdf/view/TableView/class-use/DataDisplayConverterFactory.html...
     [javadoc] Generating /home/byrn/HDF_Projects/hdfview_release/build/javadocs/org.hdfgroup.hdfview/hdf/view/TableView/class-use/DataDisplayConverterFactory.HDFDisplayConverter.html...
     [javadoc] Generating /home/byrn/HDF_Projects/hdfview_release/build/javadocs/org.hdfgroup.hdfview/hdf/view/TableView/class-use/DataFactoryUtils.html...
     [javadoc] Generating /home/byrn/HDF_Projects/hdfview_release/build/javadocs/org.hdfgroup.hdfview/hdf/view/TableView/class-use/DataProviderFactory.html...
     [javadoc] Generating /home/byrn/HDF_Projects/hdfview_release/build/javadocs/org.hdfgroup.hdfview/hdf/view/TableView/class-use/DataProviderFactory.HDFDataProvider.html...
     [javadoc] Generating /home/byrn/HDF_Projects/hdfview_release/build/javadocs/org.hdfgroup.hdfview/hdf/view/TableView/class-use/DataValidatorFactory.html...
     [javadoc] Generating /home/byrn/HDF_Projects/hdfview_release/build/javadocs/org.hdfgroup.hdfview/hdf/view/TableView/class-use/DataValidatorFactory.HDFDataValidator.html...
     [javadoc] Generating /home/byrn/HDF_Projects/hdfview_release/build/javadocs/org.hdfgroup.hdfview/hdf/view/TableView/class-use/DefaultBaseTableView.html...
     [javadoc] Generating /home/byrn/HDF_Projects/hdfview_release/build/javadocs/org.hdfgroup.hdfview/hdf/view/TableView/class-use/DefaultBaseTableView.RefContextMenu.html...
     [javadoc] Generating /home/byrn/HDF_Projects/hdfview_release/build/javadocs/org.hdfgroup.hdfview/hdf/view/TableView/class-use/DefaultBaseTableView.ColumnHeader.html...
     [javadoc] Generating /home/byrn/HDF_Projects/hdfview_release/build/javadocs/org.hdfgroup.hdfview/hdf/view/TableView/class-use/DefaultBaseTableView.RowHeaderDataProvider.html...
     [javadoc] Generating /home/byrn/HDF_Projects/hdfview_release/build/javadocs/org.hdfgroup.hdfview/hdf/view/TableView/class-use/DefaultBaseTableView.RowHeader.html...
     [javadoc] Generating /home/byrn/HDF_Projects/hdfview_release/build/javadocs/org.hdfgroup.hdfview/hdf/view/TableView/class-use/DefaultBaseTableView.EditingGridLayer.html...
     [javadoc] Generating /home/byrn/HDF_Projects/hdfview_release/build/javadocs/org.hdfgroup.hdfview/hdf/view/TableView/class-use/DefaultBaseTableView.ViewType.html...
     [javadoc] Generating /home/byrn/HDF_Projects/hdfview_release/build/javadocs/org.hdfgroup.hdfview/hdf/view/TableView/class-use/DefaultCompoundDSTableView.html...
     [javadoc] Generating /home/byrn/HDF_Projects/hdfview_release/build/javadocs/org.hdfgroup.hdfview/hdf/view/TableView/class-use/DefaultScalarDSTableView.html...
     [javadoc] Generating /home/byrn/HDF_Projects/hdfview_release/build/javadocs/org.hdfgroup.hdfview/hdf/view/TableView/class-use/DefaultTableViewFactory.html...
     [javadoc] Generating /home/byrn/HDF_Projects/hdfview_release/build/javadocs/org.hdfgroup.hdfview/hdf/view/TableView/class-use/TableView.html...
     [javadoc] Generating /home/byrn/HDF_Projects/hdfview_release/build/javadocs/org.hdfgroup.hdfview/hdf/view/TableView/class-use/TableViewFactory.html...
     [javadoc] Generating /home/byrn/HDF_Projects/hdfview_release/build/javadocs/org.hdfgroup.hdfview/hdf/view/class-use/Tools.html...
     [javadoc] Generating /home/byrn/HDF_Projects/hdfview_release/build/javadocs/org.hdfgroup.hdfview/hdf/view/TreeView/class-use/DefaultTreeView.html...
     [javadoc] Generating /home/byrn/HDF_Projects/hdfview_release/build/javadocs/org.hdfgroup.hdfview/hdf/view/TreeView/class-use/DefaultTreeViewFactory.html...
     [javadoc] Generating /home/byrn/HDF_Projects/hdfview_release/build/javadocs/org.hdfgroup.hdfview/hdf/view/TreeView/class-use/TreeView.html...
     [javadoc] Generating /home/byrn/HDF_Projects/hdfview_release/build/javadocs/org.hdfgroup.hdfview/hdf/view/TreeView/class-use/TreeViewFactory.html...
     [javadoc] Generating /home/byrn/HDF_Projects/hdfview_release/build/javadocs/org.hdfgroup.hdfview/hdf/view/class-use/ViewProperties.html...
     [javadoc] Generating /home/byrn/HDF_Projects/hdfview_release/build/javadocs/org.hdfgroup.hdfview/hdf/view/class-use/ViewProperties.BITMASK_OP.html...
     [javadoc] Generating /home/byrn/HDF_Projects/hdfview_release/build/javadocs/org.hdfgroup.hdfview/hdf/view/class-use/ViewProperties.DATA_VIEW_KEY.html...
     [javadoc] Generating /home/byrn/HDF_Projects/hdfview_release/build/javadocs/org.hdfgroup.hdfview/hdf/view/class-use/ViewProperties.DataViewType.html...
     [javadoc] Generating /home/byrn/HDF_Projects/hdfview_release/build/javadocs/org.hdfgroup.hdfview/hdf/view/dialog/class-use/DataOptionDialog.html...
     [javadoc] Generating /home/byrn/HDF_Projects/hdfview_release/build/javadocs/org.hdfgroup.hdfview/hdf/view/dialog/class-use/ImageConversionDialog.html...
     [javadoc] Generating /home/byrn/HDF_Projects/hdfview_release/build/javadocs/org.hdfgroup.hdfview/hdf/view/dialog/class-use/InputDialog.html...
     [javadoc] Generating /home/byrn/HDF_Projects/hdfview_release/build/javadocs/org.hdfgroup.hdfview/hdf/view/dialog/class-use/MathConversionDialog.html...
     [javadoc] Generating /home/byrn/HDF_Projects/hdfview_release/build/javadocs/org.hdfgroup.hdfview/hdf/view/dialog/class-use/NewCompoundAttributeDialog.html...
     [javadoc] Generating /home/byrn/HDF_Projects/hdfview_release/build/javadocs/org.hdfgroup.hdfview/hdf/view/dialog/class-use/NewCompoundDatasetDialog.html...
     [javadoc] Generating /home/byrn/HDF_Projects/hdfview_release/build/javadocs/org.hdfgroup.hdfview/hdf/view/dialog/class-use/NewDataObjectDialog.html...
     [javadoc] Generating /home/byrn/HDF_Projects/hdfview_release/build/javadocs/org.hdfgroup.hdfview/hdf/view/dialog/class-use/NewDatasetDialog.html...
     [javadoc] Generating /home/byrn/HDF_Projects/hdfview_release/build/javadocs/org.hdfgroup.hdfview/hdf/view/dialog/class-use/NewDatatypeDialog.html...
     [javadoc] Generating /home/byrn/HDF_Projects/hdfview_release/build/javadocs/org.hdfgroup.hdfview/hdf/view/dialog/class-use/NewGroupDialog.html...
     [javadoc] Generating /home/byrn/HDF_Projects/hdfview_release/build/javadocs/org.hdfgroup.hdfview/hdf/view/dialog/class-use/NewImageDialog.html...
     [javadoc] Generating /home/byrn/HDF_Projects/hdfview_release/build/javadocs/org.hdfgroup.hdfview/hdf/view/dialog/class-use/NewLinkDialog.html...
     [javadoc] Generating /home/byrn/HDF_Projects/hdfview_release/build/javadocs/org.hdfgroup.hdfview/hdf/view/dialog/class-use/NewScalarAttributeDialog.html...
     [javadoc] Generating /home/byrn/HDF_Projects/hdfview_release/build/javadocs/org.hdfgroup.hdfview/hdf/view/dialog/class-use/NewStringAttributeDialog.html...
     [javadoc] Generating /home/byrn/HDF_Projects/hdfview_release/build/javadocs/org.hdfgroup.hdfview/hdf/view/dialog/class-use/UserOptionsDefaultPage.html...
     [javadoc] Generating /home/byrn/HDF_Projects/hdfview_release/build/javadocs/org.hdfgroup.hdfview/hdf/view/dialog/class-use/UserOptionsDialog.html...
     [javadoc] Generating /home/byrn/HDF_Projects/hdfview_release/build/javadocs/org.hdfgroup.hdfview/hdf/view/dialog/class-use/UserOptionsGeneralPage.html...
     [javadoc] Generating /home/byrn/HDF_Projects/hdfview_release/build/javadocs/org.hdfgroup.hdfview/hdf/view/dialog/class-use/UserOptionsHDFPage.html...
     [javadoc] Generating /home/byrn/HDF_Projects/hdfview_release/build/javadocs/org.hdfgroup.hdfview/hdf/view/dialog/class-use/UserOptionsNode.html...
     [javadoc] Generating /home/byrn/HDF_Projects/hdfview_release/build/javadocs/org.hdfgroup.hdfview/hdf/view/dialog/class-use/UserOptionsViewModulesPage.html...
     [javadoc] Generating /home/byrn/HDF_Projects/hdfview_release/build/javadocs/org.hdfgroup.object/hdf/object/class-use/Attribute.html...
     [javadoc] Generating /home/byrn/HDF_Projects/hdfview_release/build/javadocs/org.hdfgroup.object/hdf/object/class-use/CompoundDS.html...
     [javadoc] Generating /home/byrn/HDF_Projects/hdfview_release/build/javadocs/org.hdfgroup.object/hdf/object/class-use/CompoundDataFormat.html...
     [javadoc] Generating /home/byrn/HDF_Projects/hdfview_release/build/javadocs/org.hdfgroup.object/hdf/object/class-use/DataFormat.html...
     [javadoc] Generating /home/byrn/HDF_Projects/hdfview_release/build/javadocs/org.hdfgroup.object/hdf/object/class-use/Dataset.html...
     [javadoc] Generating /home/byrn/HDF_Projects/hdfview_release/build/javadocs/org.hdfgroup.object/hdf/object/class-use/Datatype.html...
     [javadoc] Generating /home/byrn/HDF_Projects/hdfview_release/build/javadocs/org.hdfgroup.object/hdf/object/class-use/FileFormat.html...
     [javadoc] Generating /home/byrn/HDF_Projects/hdfview_release/build/javadocs/org.hdfgroup.object/hdf/object/class-use/Group.html...
     [javadoc] Generating /home/byrn/HDF_Projects/hdfview_release/build/javadocs/org.hdfgroup.object/hdf/object/class-use/HObject.html...
     [javadoc] Generating /home/byrn/HDF_Projects/hdfview_release/build/javadocs/org.hdfgroup.object/hdf/object/class-use/MetaDataContainer.html...
     [javadoc] Generating /home/byrn/HDF_Projects/hdfview_release/build/javadocs/org.hdfgroup.object/hdf/object/class-use/ScalarDS.html...
     [javadoc] Generating /home/byrn/HDF_Projects/hdfview_release/build/javadocs/org.hdfgroup.object/hdf/object/class-use/Utils.html...
     [javadoc] Generating /home/byrn/HDF_Projects/hdfview_release/build/javadocs/org.hdfgroup.object/hdf/object/fits/class-use/FitsAttribute.html...
     [javadoc] Generating /home/byrn/HDF_Projects/hdfview_release/build/javadocs/org.hdfgroup.object/hdf/object/fits/class-use/FitsDataset.html...
     [javadoc] Generating /home/byrn/HDF_Projects/hdfview_release/build/javadocs/org.hdfgroup.object/hdf/object/fits/class-use/FitsDatatype.html...
     [javadoc] Generating /home/byrn/HDF_Projects/hdfview_release/build/javadocs/org.hdfgroup.object/hdf/object/fits/class-use/FitsFile.html...
     [javadoc] Generating /home/byrn/HDF_Projects/hdfview_release/build/javadocs/org.hdfgroup.object/hdf/object/fits/class-use/FitsGroup.html...
     [javadoc] Generating /home/byrn/HDF_Projects/hdfview_release/build/javadocs/org.hdfgroup.object/hdf/object/h4/class-use/H4CompoundAttribute.html...
     [javadoc] Generating /home/byrn/HDF_Projects/hdfview_release/build/javadocs/org.hdfgroup.object/hdf/object/h4/class-use/H4Datatype.html...
     [javadoc] Generating /home/byrn/HDF_Projects/hdfview_release/build/javadocs/org.hdfgroup.object/hdf/object/h4/class-use/H4File.html...
     [javadoc] Generating /home/byrn/HDF_Projects/hdfview_release/build/javadocs/org.hdfgroup.object/hdf/object/h4/class-use/H4GRImage.html...
     [javadoc] Generating /home/byrn/HDF_Projects/hdfview_release/build/javadocs/org.hdfgroup.object/hdf/object/h4/class-use/H4Group.html...
     [javadoc] Generating /home/byrn/HDF_Projects/hdfview_release/build/javadocs/org.hdfgroup.object/hdf/object/h4/class-use/H4SDS.html...
     [javadoc] Generating /home/byrn/HDF_Projects/hdfview_release/build/javadocs/org.hdfgroup.object/hdf/object/h4/class-use/H4ScalarAttribute.html...
     [javadoc] Generating /home/byrn/HDF_Projects/hdfview_release/build/javadocs/org.hdfgroup.object/hdf/object/h4/class-use/H4Vdata.html...
     [javadoc] Generating /home/byrn/HDF_Projects/hdfview_release/build/javadocs/org.hdfgroup.object/hdf/object/h5/class-use/H5Attribute.html...
     [javadoc] Generating /home/byrn/HDF_Projects/hdfview_release/build/javadocs/org.hdfgroup.object/hdf/object/h5/class-use/H5CompoundAttr.html...
     [javadoc] Generating /home/byrn/HDF_Projects/hdfview_release/build/javadocs/org.hdfgroup.object/hdf/object/h5/class-use/H5CompoundDS.html...
     [javadoc] Generating /home/byrn/HDF_Projects/hdfview_release/build/javadocs/org.hdfgroup.object/hdf/object/h5/class-use/H5Datatype.html...
     [javadoc] Generating /home/byrn/HDF_Projects/hdfview_release/build/javadocs/org.hdfgroup.object/hdf/object/h5/class-use/H5File.html...
     [javadoc] Generating /home/byrn/HDF_Projects/hdfview_release/build/javadocs/org.hdfgroup.object/hdf/object/h5/class-use/H5File.IO_TYPE.html...
     [javadoc] Generating /home/byrn/HDF_Projects/hdfview_release/build/javadocs/org.hdfgroup.object/hdf/object/h5/class-use/H5Group.html...
     [javadoc] Generating /home/byrn/HDF_Projects/hdfview_release/build/javadocs/org.hdfgroup.object/hdf/object/h5/class-use/H5Link.html...
     [javadoc] Generating /home/byrn/HDF_Projects/hdfview_release/build/javadocs/org.hdfgroup.object/hdf/object/h5/class-use/H5MetaDataContainer.html...
     [javadoc] Generating /home/byrn/HDF_Projects/hdfview_release/build/javadocs/org.hdfgroup.object/hdf/object/h5/class-use/H5ReferenceType.html...
     [javadoc] Generating /home/byrn/HDF_Projects/hdfview_release/build/javadocs/org.hdfgroup.object/hdf/object/h5/class-use/H5ReferenceType.H5ReferenceData.html...
     [javadoc] Generating /home/byrn/HDF_Projects/hdfview_release/build/javadocs/org.hdfgroup.object/hdf/object/h5/class-use/H5ScalarAttr.html...
     [javadoc] Generating /home/byrn/HDF_Projects/hdfview_release/build/javadocs/org.hdfgroup.object/hdf/object/h5/class-use/H5ScalarDS.html...
     [javadoc] Generating /home/byrn/HDF_Projects/hdfview_release/build/javadocs/org.hdfgroup.object/hdf/object/h5/class-use/H5Utils.html...
     [javadoc] Generating /home/byrn/HDF_Projects/hdfview_release/build/javadocs/org.hdfgroup.object/hdf/object/nc2/class-use/NC2Attribute.html...
     [javadoc] Generating /home/byrn/HDF_Projects/hdfview_release/build/javadocs/org.hdfgroup.object/hdf/object/nc2/class-use/NC2Dataset.html...
     [javadoc] Generating /home/byrn/HDF_Projects/hdfview_release/build/javadocs/org.hdfgroup.object/hdf/object/nc2/class-use/NC2Datatype.html...
     [javadoc] Generating /home/byrn/HDF_Projects/hdfview_release/build/javadocs/org.hdfgroup.object/hdf/object/nc2/class-use/NC2File.html...
     [javadoc] Generating /home/byrn/HDF_Projects/hdfview_release/build/javadocs/org.hdfgroup.object/hdf/object/nc2/class-use/NC2Group.html...
     [javadoc] Generating /home/byrn/HDF_Projects/hdfview_release/build/javadocs/org.hdfgroup.hdfview/hdf/package-use.html...
     [javadoc] Generating /home/byrn/HDF_Projects/hdfview_release/build/javadocs/org.hdfgroup.object/hdf/object/package-use.html...
     [javadoc] Generating /home/byrn/HDF_Projects/hdfview_release/build/javadocs/org.hdfgroup.object/hdf/object/fits/package-use.html...
     [javadoc] Generating /home/byrn/HDF_Projects/hdfview_release/build/javadocs/org.hdfgroup.object/hdf/object/h4/package-use.html...
     [javadoc] Generating /home/byrn/HDF_Projects/hdfview_release/build/javadocs/org.hdfgroup.object/hdf/object/h5/package-use.html...
     [javadoc] Generating /home/byrn/HDF_Projects/hdfview_release/build/javadocs/org.hdfgroup.object/hdf/object/nc2/package-use.html...
     [javadoc] Generating /home/byrn/HDF_Projects/hdfview_release/build/javadocs/org.hdfgroup.hdfview/hdf/view/package-use.html...
     [javadoc] Generating /home/byrn/HDF_Projects/hdfview_release/build/javadocs/org.hdfgroup.hdfview/hdf/view/DataView/package-use.html...
     [javadoc] Generating /home/byrn/HDF_Projects/hdfview_release/build/javadocs/org.hdfgroup.hdfview/hdf/view/dialog/package-use.html...
     [javadoc] Generating /home/byrn/HDF_Projects/hdfview_release/build/javadocs/org.hdfgroup.hdfview/hdf/view/HelpView/package-use.html...
     [javadoc] Generating /home/byrn/HDF_Projects/hdfview_release/build/javadocs/org.hdfgroup.hdfview/hdf/view/ImageView/package-use.html...
     [javadoc] Generating /home/byrn/HDF_Projects/hdfview_release/build/javadocs/org.hdfgroup.hdfview/hdf/view/MetaDataView/package-use.html...
     [javadoc] Generating /home/byrn/HDF_Projects/hdfview_release/build/javadocs/org.hdfgroup.hdfview/hdf/view/PaletteView/package-use.html...
     [javadoc] Generating /home/byrn/HDF_Projects/hdfview_release/build/javadocs/org.hdfgroup.hdfview/hdf/view/TableView/package-use.html...
     [javadoc] Generating /home/byrn/HDF_Projects/hdfview_release/build/javadocs/org.hdfgroup.hdfview/hdf/view/TreeView/package-use.html...
     [javadoc] Generating /home/byrn/HDF_Projects/hdfview_release/build/javadocs/overview-tree.html...
     [javadoc] Generating /home/byrn/HDF_Projects/hdfview_release/build/javadocs/deprecated-list.html...
     [javadoc] Generating /home/byrn/HDF_Projects/hdfview_release/build/javadocs/index.html...
     [javadoc] Building index for all classes...
     [javadoc] Generating /home/byrn/HDF_Projects/hdfview_release/build/javadocs/allclasses-index.html...
     [javadoc] Generating /home/byrn/HDF_Projects/hdfview_release/build/javadocs/allpackages-index.html...
     [javadoc] Generating /home/byrn/HDF_Projects/hdfview_release/build/javadocs/index-all.html...
     [javadoc] Generating /home/byrn/HDF_Projects/hdfview_release/build/javadocs/overview-summary.html...
     [javadoc] Generating /home/byrn/HDF_Projects/hdfview_release/build/javadocs/help-doc.html...
BUILD SUCCESSFUL
Total time: 40 seconds
